Args in experiment:
Namespace(revin=True, alpha=0.05, dropout=0.0, attn_dropout=0.15, batch_size=32, is_training=1, model_id='solar_96_96', model='TimeBridge', data='Solar', root_path='/cpfs01/projects-HDD/cfff-dea1e1ccd7cb_HDD/wubeiliang/TimeBridge/dataset/Solar/', data_path='solar_AL.txt', features='M', target='OT', freq='h', checkpoints='./checkpoints/', wo_time=False, seq_len=720, label_len=48, pred_len=336, seasonal_patterns='Monthly', t_layers=1, stable_len=6, use_group=False, random=False, router=None, zero=None, attn_type=None, temporal=False, Asym=True, kernel=25, wavelet='coif3', layer_norm=True, group=None, num_p=None, period=48, ratio=1, periods=None, enc_in=137, dec_in=137, c_in=137, sz_row=None, c_out=137, d_model=128, n_heads=8, e_layers=0, d_layers=1, d_ff=128, moving_avg=25, factor=1, k_segments=1, distil=True, embed='timeF', activation='gelu', output_attention=False, num_workers=10, itr=1, train_epochs=100, embedding_epochs=5, patience=15, pct_start=0.2, learning_rate=0.0005, embedding_lr=0.0005, des='Exp', loss='MSE', lradj='type1', use_amp=False, use_gpu=True, gpu=0, use_multi_gpu=False, devices='0,1,2,3', exp_name='None', efficient_training=False, channel_independence=False, inverse=False, class_strategy='projection', target_root_path='./data/electricity/', target_data_path='electricity.csv')
Use GPU: cuda:0
>>>>>>>start training : solar_96_96_TimeBridge_Solar_M_ft720_sl48_ll336_pl128_dm8_nh0_el1_dl128_df1_fctimeF_ebTrue_dtExp_projection_0>>>>>>>>>>>>>>>>>>>>>>>>>>
train 35737
val 4921
test 10177
	iters: 100, epoch: 1 | loss: 0.4500489
	speed: 0.0368s/iter; left time: 4108.5388s
	iters: 200, epoch: 1 | loss: 0.3957604
	speed: 0.0293s/iter; left time: 3264.4443s
	iters: 300, epoch: 1 | loss: 0.4388418
	speed: 0.0289s/iter; left time: 3211.6508s
	iters: 400, epoch: 1 | loss: 0.4024923
	speed: 0.0295s/iter; left time: 3278.0662s
	iters: 500, epoch: 1 | loss: 0.3957897
	speed: 0.0312s/iter; left time: 3462.1921s
	iters: 600, epoch: 1 | loss: 0.3899946
	speed: 0.0297s/iter; left time: 3292.9180s
	iters: 700, epoch: 1 | loss: 0.3742327
	speed: 0.0318s/iter; left time: 3531.7944s
	iters: 800, epoch: 1 | loss: 0.4164246
	speed: 0.0285s/iter; left time: 3157.8675s
	iters: 900, epoch: 1 | loss: 0.3767196
	speed: 0.0277s/iter; left time: 3068.7213s
	iters: 1000, epoch: 1 | loss: 0.3669021
	speed: 0.0298s/iter; left time: 3293.0524s
	iters: 1100, epoch: 1 | loss: 0.3789923
	speed: 0.0299s/iter; left time: 3303.3226s
Epoch: 1 cost time: 33.82016110420227
Epoch: 1, Steps: 1116 | Train Loss: 0.4087759 Vali Loss: 0.1739108 Test Loss: 0.2122441
Validation loss decreased (inf --> 0.173911).  Saving model ...
	iters: 100, epoch: 2 | loss: 0.3915801
	speed: 2.4127s/iter; left time: 266324.5831s
	iters: 200, epoch: 2 | loss: 0.4002697
	speed: 0.0593s/iter; left time: 6535.7932s
	iters: 300, epoch: 2 | loss: 0.3691001
	speed: 0.0584s/iter; left time: 6433.2046s
	iters: 400, epoch: 2 | loss: 0.3621429
	speed: 0.0576s/iter; left time: 6336.7052s
	iters: 500, epoch: 2 | loss: 0.3953397
	speed: 0.0557s/iter; left time: 6128.7563s
	iters: 600, epoch: 2 | loss: 0.3917460
	speed: 0.0560s/iter; left time: 6153.4902s
	iters: 700, epoch: 2 | loss: 0.3978247
	speed: 0.1171s/iter; left time: 12860.8949s
	iters: 800, epoch: 2 | loss: 0.3477590
	speed: 0.1091s/iter; left time: 11962.5480s
	iters: 900, epoch: 2 | loss: 0.3654316
	speed: 0.0806s/iter; left time: 8832.6387s
	iters: 1000, epoch: 2 | loss: 0.3672991
	speed: 0.0596s/iter; left time: 6528.7316s
	iters: 1100, epoch: 2 | loss: 0.3612415
	speed: 0.0577s/iter; left time: 6312.2510s
Epoch: 2 cost time: 79.5189950466156
Epoch: 2, Steps: 1116 | Train Loss: 0.3765475 Vali Loss: 0.1709555 Test Loss: 0.2011423
Validation loss decreased (0.173911 --> 0.170956).  Saving model ...
	iters: 100, epoch: 3 | loss: 0.3783215
	speed: 3.5931s/iter; left time: 392617.4275s
	iters: 200, epoch: 3 | loss: 0.3675367
	speed: 0.0658s/iter; left time: 7181.8943s
	iters: 300, epoch: 3 | loss: 0.3573163
	speed: 0.0653s/iter; left time: 7122.1794s
	iters: 400, epoch: 3 | loss: 0.3467100
	speed: 0.0647s/iter; left time: 7048.3344s
	iters: 500, epoch: 3 | loss: 0.3838443
	speed: 0.0683s/iter; left time: 7438.1027s
	iters: 600, epoch: 3 | loss: 0.3520972
	speed: 0.0698s/iter; left time: 7589.7967s
	iters: 700, epoch: 3 | loss: 0.3333291
	speed: 0.1204s/iter; left time: 13081.3290s
	iters: 800, epoch: 3 | loss: 0.3452098
	speed: 0.1163s/iter; left time: 12625.0699s
	iters: 900, epoch: 3 | loss: 0.3566545
	speed: 0.0755s/iter; left time: 8192.5787s
	iters: 1000, epoch: 3 | loss: 0.3794585
	speed: 0.0682s/iter; left time: 7393.0557s
	iters: 1100, epoch: 3 | loss: 0.3830259
	speed: 0.0605s/iter; left time: 6554.2895s
Epoch: 3 cost time: 86.33797907829285
Epoch: 3, Steps: 1116 | Train Loss: 0.3656078 Vali Loss: 0.1678156 Test Loss: 0.1983051
Validation loss decreased (0.170956 --> 0.167816).  Saving model ...
	iters: 100, epoch: 4 | loss: 0.3373572
	speed: 3.5708s/iter; left time: 386197.0615s
	iters: 200, epoch: 4 | loss: 0.3814818
	speed: 0.0703s/iter; left time: 7592.4736s
	iters: 300, epoch: 4 | loss: 0.3476374
	speed: 0.0719s/iter; left time: 7763.8790s
	iters: 400, epoch: 4 | loss: 0.3337298
	speed: 0.0979s/iter; left time: 10561.5606s
	iters: 500, epoch: 4 | loss: 0.3059837
	speed: 0.1119s/iter; left time: 12053.3735s
	iters: 600, epoch: 4 | loss: 0.3166308
	speed: 0.1050s/iter; left time: 11304.5290s
	iters: 700, epoch: 4 | loss: 0.3737912
	speed: 0.0611s/iter; left time: 6573.7294s
	iters: 800, epoch: 4 | loss: 0.3433875
	speed: 0.0677s/iter; left time: 7275.6466s
	iters: 900, epoch: 4 | loss: 0.4167632
	speed: 0.0694s/iter; left time: 7451.7162s
	iters: 1000, epoch: 4 | loss: 0.3827370
	speed: 0.0741s/iter; left time: 7944.2873s
	iters: 1100, epoch: 4 | loss: 0.3583074
	speed: 0.0651s/iter; left time: 6973.3202s
Epoch: 4 cost time: 89.72843170166016
Epoch: 4, Steps: 1116 | Train Loss: 0.3614144 Vali Loss: 0.1594146 Test Loss: 0.1884380
Validation loss decreased (0.167816 --> 0.159415).  Saving model ...
	iters: 100, epoch: 5 | loss: 0.3505954
	speed: 3.5049s/iter; left time: 375155.6937s
	iters: 200, epoch: 5 | loss: 0.3516381
	speed: 0.0716s/iter; left time: 7654.9803s
	iters: 300, epoch: 5 | loss: 0.3444746
	speed: 0.0782s/iter; left time: 8356.8391s
	iters: 400, epoch: 5 | loss: 0.3691393
	speed: 0.0764s/iter; left time: 8150.0056s
	iters: 500, epoch: 5 | loss: 0.3477069
	speed: 0.0674s/iter; left time: 7189.4138s
	iters: 600, epoch: 5 | loss: 0.3477676
	speed: 0.0752s/iter; left time: 8015.3802s
	iters: 700, epoch: 5 | loss: 0.3243335
	speed: 0.1070s/iter; left time: 11391.2074s
	iters: 800, epoch: 5 | loss: 0.3717971
	speed: 0.1156s/iter; left time: 12295.2983s
	iters: 900, epoch: 5 | loss: 0.3583817
	speed: 0.0963s/iter; left time: 10227.1737s
	iters: 1000, epoch: 5 | loss: 0.3444816
	speed: 0.0717s/iter; left time: 7612.1038s
	iters: 1100, epoch: 5 | loss: 0.3795292
	speed: 0.0715s/iter; left time: 7585.5574s
Epoch: 5 cost time: 92.3132016658783
Epoch: 5, Steps: 1116 | Train Loss: 0.3589701 Vali Loss: 0.1582330 Test Loss: 0.1874753
Validation loss decreased (0.159415 --> 0.158233).  Saving model ...
	iters: 100, epoch: 6 | loss: 0.3541712
	speed: 3.5446s/iter; left time: 375447.7259s
	iters: 200, epoch: 6 | loss: 0.3474960
	speed: 0.1142s/iter; left time: 12079.6626s
	iters: 300, epoch: 6 | loss: 0.3714913
	speed: 0.1203s/iter; left time: 12722.0976s
	iters: 400, epoch: 6 | loss: 0.3398277
	speed: 0.0642s/iter; left time: 6781.1370s
	iters: 500, epoch: 6 | loss: 0.3346841
	speed: 0.0684s/iter; left time: 7220.5240s
	iters: 600, epoch: 6 | loss: 0.3661122
	speed: 0.0724s/iter; left time: 7630.2512s
	iters: 700, epoch: 6 | loss: 0.3493288
	speed: 0.0725s/iter; left time: 7634.9386s
	iters: 800, epoch: 6 | loss: 0.3589200
	speed: 0.0763s/iter; left time: 8027.8318s
	iters: 900, epoch: 6 | loss: 0.3422109
	speed: 0.0737s/iter; left time: 7747.8787s
	iters: 1000, epoch: 6 | loss: 0.3699249
	speed: 0.0810s/iter; left time: 8507.8810s
	iters: 1100, epoch: 6 | loss: 0.3486942
	speed: 0.0690s/iter; left time: 7243.4867s
Epoch: 6 cost time: 95.44576263427734
Epoch: 6, Steps: 1116 | Train Loss: 0.3577972 Vali Loss: 0.1607315 Test Loss: 0.1897951
EarlyStopping counter: 1 out of 15
	iters: 100, epoch: 7 | loss: 0.3598506
	speed: 4.1905s/iter; left time: 439181.1778s
	iters: 200, epoch: 7 | loss: 0.3867886
	speed: 0.1065s/iter; left time: 11150.0553s
	iters: 300, epoch: 7 | loss: 0.3614740
	speed: 0.1125s/iter; left time: 11768.7436s
	iters: 400, epoch: 7 | loss: 0.3339367
	speed: 0.1212s/iter; left time: 12662.3839s
	iters: 500, epoch: 7 | loss: 0.3722949
	speed: 0.0638s/iter; left time: 6655.8850s
	iters: 600, epoch: 7 | loss: 0.3222199
	speed: 0.0769s/iter; left time: 8015.8897s
	iters: 700, epoch: 7 | loss: 0.3381876
	speed: 0.0684s/iter; left time: 7130.7252s
	iters: 800, epoch: 7 | loss: 0.3426231
	speed: 0.0792s/iter; left time: 8240.8896s
	iters: 900, epoch: 7 | loss: 0.3355888
	speed: 0.0738s/iter; left time: 7674.9869s
	iters: 1000, epoch: 7 | loss: 0.3763796
	speed: 0.0666s/iter; left time: 6916.3368s
	iters: 1100, epoch: 7 | loss: 0.3684434
	speed: 0.0840s/iter; left time: 8723.8205s
Epoch: 7 cost time: 96.59313106536865
Epoch: 7, Steps: 1116 | Train Loss: 0.3570767 Vali Loss: 0.1591366 Test Loss: 0.1890635
EarlyStopping counter: 2 out of 15
	iters: 100, epoch: 8 | loss: 0.3650932
	speed: 4.1081s/iter; left time: 425969.2302s
	iters: 200, epoch: 8 | loss: 0.4068580
	speed: 0.0692s/iter; left time: 7166.4004s
	iters: 300, epoch: 8 | loss: 0.3457681
	speed: 0.0906s/iter; left time: 9377.7032s
	iters: 400, epoch: 8 | loss: 0.3454115
	speed: 0.1130s/iter; left time: 11679.7123s
	iters: 500, epoch: 8 | loss: 0.3594648
	speed: 0.1241s/iter; left time: 12816.8588s
	iters: 600, epoch: 8 | loss: 0.3735785
	speed: 0.0777s/iter; left time: 8022.1950s
	iters: 700, epoch: 8 | loss: 0.3520676
	speed: 0.0731s/iter; left time: 7534.0101s
	iters: 800, epoch: 8 | loss: 0.3705118
	speed: 0.0754s/iter; left time: 7763.4425s
	iters: 900, epoch: 8 | loss: 0.3499468
	speed: 0.0777s/iter; left time: 7992.5251s
	iters: 1000, epoch: 8 | loss: 0.3175462
	speed: 0.0781s/iter; left time: 8023.5601s
	iters: 1100, epoch: 8 | loss: 0.3301497
	speed: 0.0741s/iter; left time: 7604.2558s
Epoch: 8 cost time: 94.3738842010498
Epoch: 8, Steps: 1116 | Train Loss: 0.3566952 Vali Loss: 0.1597682 Test Loss: 0.1892162
EarlyStopping counter: 3 out of 15
	iters: 100, epoch: 9 | loss: 0.3835451
	speed: 2.2822s/iter; left time: 234088.3817s
	iters: 200, epoch: 9 | loss: 0.3366770
	speed: 0.0284s/iter; left time: 2906.8701s
	iters: 300, epoch: 9 | loss: 0.3703753
	speed: 0.0293s/iter; left time: 2996.2349s
	iters: 400, epoch: 9 | loss: 0.3498329
	speed: 0.0274s/iter; left time: 2798.4556s
	iters: 500, epoch: 9 | loss: 0.3723193
	speed: 0.0273s/iter; left time: 2791.5041s
	iters: 600, epoch: 9 | loss: 0.3211857
	speed: 0.0271s/iter; left time: 2767.2866s
	iters: 700, epoch: 9 | loss: 0.3557663
	speed: 0.0283s/iter; left time: 2888.5145s
	iters: 800, epoch: 9 | loss: 0.3501486
	speed: 0.0280s/iter; left time: 2853.5486s
	iters: 900, epoch: 9 | loss: 0.3436339
	speed: 0.0293s/iter; left time: 2984.0437s
	iters: 1000, epoch: 9 | loss: 0.3233902
	speed: 0.0282s/iter; left time: 2866.6028s
	iters: 1100, epoch: 9 | loss: 0.3818393
	speed: 0.0278s/iter; left time: 2826.9422s
Epoch: 9 cost time: 32.30425143241882
Epoch: 9, Steps: 1116 | Train Loss: 0.3565070 Vali Loss: 0.1584432 Test Loss: 0.1881490
EarlyStopping counter: 4 out of 15
	iters: 100, epoch: 10 | loss: 0.3782033
	speed: 1.2482s/iter; left time: 126633.5614s
	iters: 200, epoch: 10 | loss: 0.3470693
	speed: 0.0296s/iter; left time: 2999.4316s
	iters: 300, epoch: 10 | loss: 0.3281717
	speed: 0.0273s/iter; left time: 2765.6668s
	iters: 400, epoch: 10 | loss: 0.3552721
	speed: 0.0271s/iter; left time: 2738.2602s
	iters: 500, epoch: 10 | loss: 0.3587338
	speed: 0.0276s/iter; left time: 2790.3610s
	iters: 600, epoch: 10 | loss: 0.3398717
	speed: 0.0278s/iter; left time: 2811.5940s
	iters: 700, epoch: 10 | loss: 0.3904489
	speed: 0.0285s/iter; left time: 2876.4832s
	iters: 800, epoch: 10 | loss: 0.3650237
	speed: 0.0291s/iter; left time: 2931.6982s
	iters: 900, epoch: 10 | loss: 0.3646181
	speed: 0.0313s/iter; left time: 3151.3398s
	iters: 1000, epoch: 10 | loss: 0.3348871
	speed: 0.0289s/iter; left time: 2908.3235s
	iters: 1100, epoch: 10 | loss: 0.3526704
	speed: 0.0274s/iter; left time: 2755.8819s
Epoch: 10 cost time: 32.65606689453125
Epoch: 10, Steps: 1116 | Train Loss: 0.3563861 Vali Loss: 0.1583467 Test Loss: 0.1883947
EarlyStopping counter: 5 out of 15
	iters: 100, epoch: 11 | loss: 0.3831992
	speed: 1.2763s/iter; left time: 128065.9909s
	iters: 200, epoch: 11 | loss: 0.3661437
	speed: 0.0282s/iter; left time: 2826.8169s
	iters: 300, epoch: 11 | loss: 0.3738941
	speed: 0.0284s/iter; left time: 2843.5344s
	iters: 400, epoch: 11 | loss: 0.3612807
	speed: 0.0289s/iter; left time: 2895.5305s
	iters: 500, epoch: 11 | loss: 0.3271267
	speed: 0.0295s/iter; left time: 2950.0033s
	iters: 600, epoch: 11 | loss: 0.3578300
	speed: 0.0317s/iter; left time: 3165.0893s
	iters: 700, epoch: 11 | loss: 0.3363748
	speed: 0.0293s/iter; left time: 2923.6967s
	iters: 800, epoch: 11 | loss: 0.3695011
	speed: 0.0283s/iter; left time: 2818.9757s
	iters: 900, epoch: 11 | loss: 0.3467343
	speed: 0.0298s/iter; left time: 2963.4839s
	iters: 1000, epoch: 11 | loss: 0.3198088
	speed: 0.0287s/iter; left time: 2853.0165s
	iters: 1100, epoch: 11 | loss: 0.3553305
	speed: 0.0321s/iter; left time: 3186.1376s
Epoch: 11 cost time: 33.637423515319824
Epoch: 11, Steps: 1116 | Train Loss: 0.3563339 Vali Loss: 0.1584223 Test Loss: 0.1882859
EarlyStopping counter: 6 out of 15
	iters: 100, epoch: 12 | loss: 0.3488125
	speed: 1.2685s/iter; left time: 125865.7920s
	iters: 200, epoch: 12 | loss: 0.3302625
	speed: 0.0298s/iter; left time: 2956.2222s
	iters: 300, epoch: 12 | loss: 0.3345115
	speed: 0.0276s/iter; left time: 2733.1051s
	iters: 400, epoch: 12 | loss: 0.3380422
	speed: 0.0272s/iter; left time: 2686.9616s
	iters: 500, epoch: 12 | loss: 0.3520509
	speed: 0.0278s/iter; left time: 2752.2344s
	iters: 600, epoch: 12 | loss: 0.3494945
	speed: 0.0277s/iter; left time: 2738.6121s
	iters: 700, epoch: 12 | loss: 0.3227291
	speed: 0.0272s/iter; left time: 2681.7279s
	iters: 800, epoch: 12 | loss: 0.3517526
	speed: 0.0291s/iter; left time: 2871.4066s
	iters: 900, epoch: 12 | loss: 0.3805800
	speed: 0.0309s/iter; left time: 3042.8195s
	iters: 1000, epoch: 12 | loss: 0.3658786
	speed: 0.0284s/iter; left time: 2790.4882s
	iters: 1100, epoch: 12 | loss: 0.3753238
	speed: 0.0287s/iter; left time: 2821.2901s
Epoch: 12 cost time: 32.838176012039185
Epoch: 12, Steps: 1116 | Train Loss: 0.3563225 Vali Loss: 0.1585896 Test Loss: 0.1883798
EarlyStopping counter: 7 out of 15
	iters: 100, epoch: 13 | loss: 0.3418282
	speed: 1.2715s/iter; left time: 124743.2760s
	iters: 200, epoch: 13 | loss: 0.3545631
	speed: 0.0320s/iter; left time: 3136.8019s
	iters: 300, epoch: 13 | loss: 0.3347588
	speed: 0.0274s/iter; left time: 2681.3483s
	iters: 400, epoch: 13 | loss: 0.3270403
	speed: 0.0277s/iter; left time: 2707.2038s
	iters: 500, epoch: 13 | loss: 0.3577321
	speed: 0.0274s/iter; left time: 2678.3299s
	iters: 600, epoch: 13 | loss: 0.3475842
	speed: 0.0278s/iter; left time: 2713.5560s
	iters: 700, epoch: 13 | loss: 0.3306653
	speed: 0.0283s/iter; left time: 2758.6061s
	iters: 800, epoch: 13 | loss: 0.3698259
	speed: 0.0292s/iter; left time: 2841.1131s
	iters: 900, epoch: 13 | loss: 0.3382457
	speed: 0.0302s/iter; left time: 2937.9070s
	iters: 1000, epoch: 13 | loss: 0.3550840
	speed: 0.0312s/iter; left time: 3031.1987s
	iters: 1100, epoch: 13 | loss: 0.3709087
	speed: 0.0336s/iter; left time: 3260.9916s
Epoch: 13 cost time: 33.827451944351196
Epoch: 13, Steps: 1116 | Train Loss: 0.3563162 Vali Loss: 0.1584622 Test Loss: 0.1882808
EarlyStopping counter: 8 out of 15
	iters: 100, epoch: 14 | loss: 0.3666629
	speed: 1.2186s/iter; left time: 118193.5068s
	iters: 200, epoch: 14 | loss: 0.3677841
	speed: 0.0277s/iter; left time: 2681.2303s
	iters: 300, epoch: 14 | loss: 0.3757518
	speed: 0.0274s/iter; left time: 2654.0095s
	iters: 400, epoch: 14 | loss: 0.3449446
	speed: 0.0288s/iter; left time: 2783.7596s
	iters: 500, epoch: 14 | loss: 0.3414646
	speed: 0.0302s/iter; left time: 2913.9429s
	iters: 600, epoch: 14 | loss: 0.3297930
	speed: 0.0290s/iter; left time: 2799.0036s
	iters: 700, epoch: 14 | loss: 0.3858452
	speed: 0.0296s/iter; left time: 2855.2392s
	iters: 800, epoch: 14 | loss: 0.3317305
	speed: 0.0295s/iter; left time: 2844.2528s
	iters: 900, epoch: 14 | loss: 0.3542803
	speed: 0.0292s/iter; left time: 2809.2600s
	iters: 1000, epoch: 14 | loss: 0.3810249
	speed: 0.0282s/iter; left time: 2705.3953s
	iters: 1100, epoch: 14 | loss: 0.3723570
	speed: 0.0291s/iter; left time: 2789.0633s
Epoch: 14 cost time: 33.14589190483093
Epoch: 14, Steps: 1116 | Train Loss: 0.3562752 Vali Loss: 0.1583665 Test Loss: 0.1882160
EarlyStopping counter: 9 out of 15
	iters: 100, epoch: 15 | loss: 0.3419337
	speed: 1.2533s/iter; left time: 120159.0959s
	iters: 200, epoch: 15 | loss: 0.3852655
	speed: 0.0279s/iter; left time: 2671.3457s
	iters: 300, epoch: 15 | loss: 0.3152425
	speed: 0.0288s/iter; left time: 2754.6945s
	iters: 400, epoch: 15 | loss: 0.3433967
	speed: 0.0289s/iter; left time: 2759.3760s
	iters: 500, epoch: 15 | loss: 0.3473798
	speed: 0.0293s/iter; left time: 2794.8948s
	iters: 600, epoch: 15 | loss: 0.3558879
	speed: 0.0330s/iter; left time: 3143.2559s
	iters: 700, epoch: 15 | loss: 0.3708099
	speed: 0.0303s/iter; left time: 2889.2673s
	iters: 800, epoch: 15 | loss: 0.3581195
	speed: 0.0294s/iter; left time: 2798.8846s
	iters: 900, epoch: 15 | loss: 0.3822017
	speed: 0.0295s/iter; left time: 2808.0616s
	iters: 1000, epoch: 15 | loss: 0.3606758
	speed: 0.0295s/iter; left time: 2801.4090s
	iters: 1100, epoch: 15 | loss: 0.3377481
	speed: 0.0292s/iter; left time: 2773.1740s
Epoch: 15 cost time: 33.74161767959595
Epoch: 15, Steps: 1116 | Train Loss: 0.3562642 Vali Loss: 0.1582596 Test Loss: 0.1882231
EarlyStopping counter: 10 out of 15
	iters: 100, epoch: 16 | loss: 0.3618640
	speed: 2.7606s/iter; left time: 261593.0190s
	iters: 200, epoch: 16 | loss: 0.3109106
	speed: 0.0637s/iter; left time: 6025.9761s
	iters: 300, epoch: 16 | loss: 0.3312250
	speed: 0.0648s/iter; left time: 6127.2667s
	iters: 400, epoch: 16 | loss: 0.3423657
	speed: 0.1061s/iter; left time: 10018.8467s
	iters: 500, epoch: 16 | loss: 0.3335791
	speed: 0.1119s/iter; left time: 10557.1401s
	iters: 600, epoch: 16 | loss: 0.3901140
	speed: 0.0904s/iter; left time: 8524.7218s
	iters: 700, epoch: 16 | loss: 0.3602018
	speed: 0.0702s/iter; left time: 6610.4517s
	iters: 800, epoch: 16 | loss: 0.3176923
	speed: 0.0627s/iter; left time: 5899.8143s
	iters: 900, epoch: 16 | loss: 0.3425124
	speed: 0.0600s/iter; left time: 5636.0793s
	iters: 1000, epoch: 16 | loss: 0.3346477
	speed: 0.0706s/iter; left time: 6625.7556s
	iters: 1100, epoch: 16 | loss: 0.3389566
	speed: 0.0736s/iter; left time: 6901.8749s
Epoch: 16 cost time: 86.70052552223206
Epoch: 16, Steps: 1116 | Train Loss: 0.3562843 Vali Loss: 0.1585726 Test Loss: 0.1882236
EarlyStopping counter: 11 out of 15
	iters: 100, epoch: 17 | loss: 0.3424107
	speed: 3.5280s/iter; left time: 330383.3734s
	iters: 200, epoch: 17 | loss: 0.3560072
	speed: 0.1077s/iter; left time: 10071.3235s
	iters: 300, epoch: 17 | loss: 0.3329064
	speed: 0.1139s/iter; left time: 10642.8868s
	iters: 400, epoch: 17 | loss: 0.3654931
	speed: 0.0929s/iter; left time: 8671.8973s
	iters: 500, epoch: 17 | loss: 0.3706920
	speed: 0.0691s/iter; left time: 6440.1774s
	iters: 600, epoch: 17 | loss: 0.3915684
	speed: 0.0684s/iter; left time: 6367.3127s
	iters: 700, epoch: 17 | loss: 0.3372490
	speed: 0.0708s/iter; left time: 6584.5412s
	iters: 800, epoch: 17 | loss: 0.3585414
	speed: 0.0740s/iter; left time: 6877.2181s
	iters: 900, epoch: 17 | loss: 0.3274083
	speed: 0.0632s/iter; left time: 5867.1817s
	iters: 1000, epoch: 17 | loss: 0.3808013
	speed: 0.0740s/iter; left time: 6862.2781s
	iters: 1100, epoch: 17 | loss: 0.3512335
	speed: 0.0768s/iter; left time: 7115.0506s
Epoch: 17 cost time: 91.25815391540527
Epoch: 17, Steps: 1116 | Train Loss: 0.3562540 Vali Loss: 0.1581297 Test Loss: 0.1882246
Validation loss decreased (0.158233 --> 0.158130).  Saving model ...
	iters: 100, epoch: 18 | loss: 0.3253595
	speed: 3.5389s/iter; left time: 327452.4871s
	iters: 200, epoch: 18 | loss: 0.3381678
	speed: 0.0819s/iter; left time: 7566.2109s
	iters: 300, epoch: 18 | loss: 0.3408008
	speed: 0.0584s/iter; left time: 5389.0655s
	iters: 400, epoch: 18 | loss: 0.3432299
	speed: 0.0592s/iter; left time: 5456.8601s
	iters: 500, epoch: 18 | loss: 0.3644281
	speed: 0.0623s/iter; left time: 5741.7698s
	iters: 600, epoch: 18 | loss: 0.3592162
	speed: 0.0664s/iter; left time: 6112.0621s
	iters: 700, epoch: 18 | loss: 0.3310638
	speed: 0.0624s/iter; left time: 5737.2638s
	iters: 800, epoch: 18 | loss: 0.3833637
	speed: 0.0597s/iter; left time: 5483.5862s
	iters: 900, epoch: 18 | loss: 0.3565676
	speed: 0.0711s/iter; left time: 6520.8530s
	iters: 1000, epoch: 18 | loss: 0.3472701
	speed: 0.1190s/iter; left time: 10899.4170s
	iters: 1100, epoch: 18 | loss: 0.3586847
	speed: 0.1148s/iter; left time: 10508.3567s
Epoch: 18 cost time: 90.68283557891846
Epoch: 18, Steps: 1116 | Train Loss: 0.3562754 Vali Loss: 0.1582066 Test Loss: 0.1882251
EarlyStopping counter: 1 out of 15
	iters: 100, epoch: 19 | loss: 0.3923514
	speed: 3.3901s/iter; left time: 309902.1012s
	iters: 200, epoch: 19 | loss: 0.3775740
	speed: 0.0819s/iter; left time: 7475.5818s
	iters: 300, epoch: 19 | loss: 0.3528159
	speed: 0.1158s/iter; left time: 10558.4189s
	iters: 400, epoch: 19 | loss: 0.3717554
	speed: 0.1261s/iter; left time: 11492.5258s
	iters: 500, epoch: 19 | loss: 0.3845713
	speed: 0.0667s/iter; left time: 6073.5180s
	iters: 600, epoch: 19 | loss: 0.3533842
	speed: 0.0685s/iter; left time: 6228.2167s
	iters: 700, epoch: 19 | loss: 0.3513745
	speed: 0.0692s/iter; left time: 6282.4249s
	iters: 800, epoch: 19 | loss: 0.3520497
	speed: 0.0718s/iter; left time: 6512.8639s
	iters: 900, epoch: 19 | loss: 0.3417951
	speed: 0.0796s/iter; left time: 7217.1007s
	iters: 1000, epoch: 19 | loss: 0.3668776
	speed: 0.0731s/iter; left time: 6618.9319s
	iters: 1100, epoch: 19 | loss: 0.3389807
	speed: 0.0710s/iter; left time: 6418.8202s
Epoch: 19 cost time: 92.44198369979858
Epoch: 19, Steps: 1116 | Train Loss: 0.3562580 Vali Loss: 0.1585488 Test Loss: 0.1882250
EarlyStopping counter: 2 out of 15
	iters: 100, epoch: 20 | loss: 0.3600533
	speed: 4.0891s/iter; left time: 369234.9403s
	iters: 200, epoch: 20 | loss: 0.3428254
	speed: 0.0763s/iter; left time: 6885.0599s
	iters: 300, epoch: 20 | loss: 0.3467872
	speed: 0.0687s/iter; left time: 6188.1614s
	iters: 400, epoch: 20 | loss: 0.3412930
	speed: 0.0909s/iter; left time: 8183.4126s
	iters: 500, epoch: 20 | loss: 0.3388990
	speed: 0.1159s/iter; left time: 10421.2443s
	iters: 600, epoch: 20 | loss: 0.3693020
	speed: 0.1221s/iter; left time: 10966.5591s
	iters: 700, epoch: 20 | loss: 0.3283017
	speed: 0.0803s/iter; left time: 7203.3530s
	iters: 800, epoch: 20 | loss: 0.3599822
	speed: 0.0881s/iter; left time: 7895.0358s
	iters: 900, epoch: 20 | loss: 0.3821791
	speed: 0.0827s/iter; left time: 7403.3376s
	iters: 1000, epoch: 20 | loss: 0.3713264
	speed: 0.0819s/iter; left time: 7324.3643s
	iters: 1100, epoch: 20 | loss: 0.3462954
	speed: 0.0740s/iter; left time: 6605.0134s
Epoch: 20 cost time: 98.79737448692322
Epoch: 20, Steps: 1116 | Train Loss: 0.3562361 Vali Loss: 0.1583749 Test Loss: 0.1882250
EarlyStopping counter: 3 out of 15
	iters: 100, epoch: 21 | loss: 0.3635437
	speed: 4.1912s/iter; left time: 373775.2259s
	iters: 200, epoch: 21 | loss: 0.3955728
	speed: 0.0828s/iter; left time: 7374.4840s
	iters: 300, epoch: 21 | loss: 0.3545559
	speed: 0.0650s/iter; left time: 5784.5245s
	iters: 400, epoch: 21 | loss: 0.3395784
	speed: 0.0699s/iter; left time: 6215.1792s
	iters: 500, epoch: 21 | loss: 0.3589880
	speed: 0.0629s/iter; left time: 5580.2384s
	iters: 600, epoch: 21 | loss: 0.3825232
	speed: 0.1081s/iter; left time: 9590.5180s
	iters: 700, epoch: 21 | loss: 0.3479900
	speed: 0.1161s/iter; left time: 10283.7564s
	iters: 800, epoch: 21 | loss: 0.3610234
	speed: 0.1121s/iter; left time: 9919.6988s
	iters: 900, epoch: 21 | loss: 0.3309973
	speed: 0.0781s/iter; left time: 6900.0287s
	iters: 1000, epoch: 21 | loss: 0.3618048
	speed: 0.0728s/iter; left time: 6425.5217s
	iters: 1100, epoch: 21 | loss: 0.3536233
	speed: 0.0867s/iter; left time: 7641.4307s
Epoch: 21 cost time: 96.3064169883728
Epoch: 21, Steps: 1116 | Train Loss: 0.3562823 Vali Loss: 0.1585030 Test Loss: 0.1882250
EarlyStopping counter: 4 out of 15
	iters: 100, epoch: 22 | loss: 0.3474384
	speed: 4.4028s/iter; left time: 387732.6452s
	iters: 200, epoch: 22 | loss: 0.3813620
	speed: 0.0726s/iter; left time: 6386.6237s
	iters: 300, epoch: 22 | loss: 0.3274346
	speed: 0.0807s/iter; left time: 7094.5018s
	iters: 400, epoch: 22 | loss: 0.3588942
	speed: 0.0822s/iter; left time: 7215.4515s
	iters: 500, epoch: 22 | loss: 0.3743509
	speed: 0.0920s/iter; left time: 8061.6380s
	iters: 600, epoch: 22 | loss: 0.3790679
	speed: 0.0890s/iter; left time: 7796.0231s
	iters: 700, epoch: 22 | loss: 0.3490926
	speed: 0.1192s/iter; left time: 10421.7746s
	iters: 800, epoch: 22 | loss: 0.3685342
	speed: 0.1246s/iter; left time: 10882.1518s
	iters: 900, epoch: 22 | loss: 0.3293479
	speed: 0.0872s/iter; left time: 7608.1877s
	iters: 1000, epoch: 22 | loss: 0.3369986
	speed: 0.0810s/iter; left time: 7062.6463s
	iters: 1100, epoch: 22 | loss: 0.3723522
	speed: 0.0329s/iter; left time: 2866.1884s
Epoch: 22 cost time: 95.74068522453308
Epoch: 22, Steps: 1116 | Train Loss: 0.3562638 Vali Loss: 0.1585280 Test Loss: 0.1882250
EarlyStopping counter: 5 out of 15
	iters: 100, epoch: 23 | loss: 0.3640105
	speed: 2.2533s/iter; left time: 195923.6912s
	iters: 200, epoch: 23 | loss: 0.3380982
	speed: 0.0443s/iter; left time: 3843.7219s
	iters: 300, epoch: 23 | loss: 0.3543037
	speed: 0.0475s/iter; left time: 4121.0747s
	iters: 400, epoch: 23 | loss: 0.3342132
	speed: 0.0512s/iter; left time: 4433.1217s
	iters: 500, epoch: 23 | loss: 0.3498940
	speed: 0.0491s/iter; left time: 4245.4218s
	iters: 600, epoch: 23 | loss: 0.3350715
	speed: 0.0470s/iter; left time: 4061.7087s
	iters: 700, epoch: 23 | loss: 0.3824548
	speed: 0.0472s/iter; left time: 4072.9312s
	iters: 800, epoch: 23 | loss: 0.3636474
	speed: 0.0464s/iter; left time: 4006.1675s
	iters: 900, epoch: 23 | loss: 0.3568242
	speed: 0.0632s/iter; left time: 5446.2379s
	iters: 1000, epoch: 23 | loss: 0.3170311
	speed: 0.0654s/iter; left time: 5630.1360s
	iters: 1100, epoch: 23 | loss: 0.3546906
	speed: 0.0674s/iter; left time: 5791.5491s
Epoch: 23 cost time: 59.57972764968872
Epoch: 23, Steps: 1116 | Train Loss: 0.3562713 Vali Loss: 0.1584906 Test Loss: 0.1882250
EarlyStopping counter: 6 out of 15
	iters: 100, epoch: 24 | loss: 0.3775987
	speed: 2.3358s/iter; left time: 200488.8801s
	iters: 200, epoch: 24 | loss: 0.3820670
	speed: 0.0494s/iter; left time: 4239.3171s
	iters: 300, epoch: 24 | loss: 0.3570629
	speed: 0.0483s/iter; left time: 4138.1931s
	iters: 400, epoch: 24 | loss: 0.3394008
	speed: 0.0459s/iter; left time: 3925.8692s
	iters: 500, epoch: 24 | loss: 0.3414417
	speed: 0.0489s/iter; left time: 4177.8687s
	iters: 600, epoch: 24 | loss: 0.3453762
	speed: 0.0540s/iter; left time: 4605.5824s
	iters: 700, epoch: 24 | loss: 0.3706381
	speed: 0.0523s/iter; left time: 4458.9182s
	iters: 800, epoch: 24 | loss: 0.3775002
	speed: 0.0795s/iter; left time: 6766.4457s
	iters: 900, epoch: 24 | loss: 0.3897959
	speed: 0.0699s/iter; left time: 5941.5079s
	iters: 1000, epoch: 24 | loss: 0.3355886
	speed: 0.0693s/iter; left time: 5887.1305s
	iters: 1100, epoch: 24 | loss: 0.3458432
	speed: 0.0519s/iter; left time: 4402.1710s
Epoch: 24 cost time: 63.58619976043701
Epoch: 24, Steps: 1116 | Train Loss: 0.3562794 Vali Loss: 0.1584308 Test Loss: 0.1882250
EarlyStopping counter: 7 out of 15
	iters: 100, epoch: 25 | loss: 0.3370488
	speed: 2.3175s/iter; left time: 196333.4419s
	iters: 200, epoch: 25 | loss: 0.3483593
	speed: 0.0554s/iter; left time: 4688.0521s
	iters: 300, epoch: 25 | loss: 0.3793782
	speed: 0.0513s/iter; left time: 4338.3607s
	iters: 400, epoch: 25 | loss: 0.3616048
	speed: 0.0540s/iter; left time: 4560.3748s
	iters: 500, epoch: 25 | loss: 0.3694935
	speed: 0.0515s/iter; left time: 4338.2954s
	iters: 600, epoch: 25 | loss: 0.3362591
	speed: 0.0655s/iter; left time: 5514.7742s
	iters: 700, epoch: 25 | loss: 0.3668690
	speed: 0.0723s/iter; left time: 6077.6828s
	iters: 800, epoch: 25 | loss: 0.3724478
	speed: 0.0848s/iter; left time: 7124.2254s
	iters: 900, epoch: 25 | loss: 0.3447370
	speed: 0.0479s/iter; left time: 4019.8299s
	iters: 1000, epoch: 25 | loss: 0.3595604
	speed: 0.0514s/iter; left time: 4312.2190s
	iters: 1100, epoch: 25 | loss: 0.3997414
	speed: 0.0535s/iter; left time: 4478.8183s
Epoch: 25 cost time: 65.8846652507782
Epoch: 25, Steps: 1116 | Train Loss: 0.3562750 Vali Loss: 0.1584661 Test Loss: 0.1882250
EarlyStopping counter: 8 out of 15
	iters: 100, epoch: 26 | loss: 0.3561377
	speed: 2.3885s/iter; left time: 199681.2350s
	iters: 200, epoch: 26 | loss: 0.3639964
	speed: 0.0592s/iter; left time: 4944.7442s
	iters: 300, epoch: 26 | loss: 0.3905728
	speed: 0.0770s/iter; left time: 6419.2247s
	iters: 400, epoch: 26 | loss: 0.3771603
	speed: 0.0709s/iter; left time: 5902.9956s
	iters: 500, epoch: 26 | loss: 0.3523339
	speed: 0.0852s/iter; left time: 7089.7997s
	iters: 600, epoch: 26 | loss: 0.3433403
	speed: 0.0619s/iter; left time: 5146.3426s
	iters: 700, epoch: 26 | loss: 0.3675043
	speed: 0.0653s/iter; left time: 5424.0335s
	iters: 800, epoch: 26 | loss: 0.3577058
	speed: 0.0609s/iter; left time: 5047.5357s
	iters: 900, epoch: 26 | loss: 0.3486208
	speed: 0.0570s/iter; left time: 4717.3605s
	iters: 1000, epoch: 26 | loss: 0.3326598
	speed: 0.0598s/iter; left time: 4943.1358s
	iters: 1100, epoch: 26 | loss: 0.3692142
	speed: 0.0564s/iter; left time: 4657.2923s
Epoch: 26 cost time: 72.283132314682
Epoch: 26, Steps: 1116 | Train Loss: 0.3562573 Vali Loss: 0.1582766 Test Loss: 0.1882250
EarlyStopping counter: 9 out of 15
	iters: 100, epoch: 27 | loss: 0.3330603
	speed: 7.0487s/iter; left time: 581416.0442s
	iters: 200, epoch: 27 | loss: 0.3855746
	speed: 0.1010s/iter; left time: 8316.9153s
	iters: 300, epoch: 27 | loss: 0.4144288
	speed: 0.1448s/iter; left time: 11914.4609s
	iters: 400, epoch: 27 | loss: 0.3715657
	speed: 0.1721s/iter; left time: 14140.6514s
	iters: 500, epoch: 27 | loss: 0.3321826
	speed: 0.1602s/iter; left time: 13150.0211s
	iters: 600, epoch: 27 | loss: 0.3397861
	speed: 0.1271s/iter; left time: 10417.2749s
	iters: 700, epoch: 27 | loss: 0.3605337
	speed: 0.0842s/iter; left time: 6897.6381s
	iters: 800, epoch: 27 | loss: 0.3421845
	speed: 0.0550s/iter; left time: 4502.1197s
	iters: 900, epoch: 27 | loss: 0.3665335
	speed: 0.0639s/iter; left time: 5218.3186s
	iters: 1000, epoch: 27 | loss: 0.3438078
	speed: 0.0636s/iter; left time: 5189.3850s
	iters: 1100, epoch: 27 | loss: 0.3657624
	speed: 0.0652s/iter; left time: 5312.4731s
Epoch: 27 cost time: 116.89083194732666
Epoch: 27, Steps: 1116 | Train Loss: 0.3562848 Vali Loss: 0.1585373 Test Loss: 0.1882250
EarlyStopping counter: 10 out of 15
	iters: 100, epoch: 28 | loss: 0.3586732
	speed: 3.1218s/iter; left time: 254015.2448s
	iters: 200, epoch: 28 | loss: 0.3547611
	speed: 0.1069s/iter; left time: 8688.4335s
	iters: 300, epoch: 28 | loss: 0.3758678
	speed: 0.0593s/iter; left time: 4817.2723s
	iters: 400, epoch: 28 | loss: 0.3694048
	speed: 0.0699s/iter; left time: 5668.9250s
	iters: 500, epoch: 28 | loss: 0.3436536
	speed: 0.0652s/iter; left time: 5277.9267s
	iters: 600, epoch: 28 | loss: 0.3145451
	speed: 0.0626s/iter; left time: 5064.0244s
	iters: 700, epoch: 28 | loss: 0.3477163
	speed: 0.0591s/iter; left time: 4775.0218s
	iters: 800, epoch: 28 | loss: 0.3723368
	speed: 0.0633s/iter; left time: 5102.9873s
	iters: 900, epoch: 28 | loss: 0.3617528
	speed: 0.0605s/iter; left time: 4877.8195s
	iters: 1000, epoch: 28 | loss: 0.3440784
	speed: 0.0595s/iter; left time: 4791.3952s
	iters: 1100, epoch: 28 | loss: 0.3524228
	speed: 0.0661s/iter; left time: 5311.8794s
Epoch: 28 cost time: 82.31489276885986
Epoch: 28, Steps: 1116 | Train Loss: 0.3562615 Vali Loss: 0.1583505 Test Loss: 0.1882250
EarlyStopping counter: 11 out of 15
	iters: 100, epoch: 29 | loss: 0.3761517
	speed: 3.2294s/iter; left time: 259167.9941s
	iters: 200, epoch: 29 | loss: 0.3284520
	speed: 0.0647s/iter; left time: 5185.7464s
	iters: 300, epoch: 29 | loss: 0.3225905
	speed: 0.0674s/iter; left time: 5399.2686s
	iters: 400, epoch: 29 | loss: 0.3304752
	speed: 0.0666s/iter; left time: 5322.2330s
	iters: 500, epoch: 29 | loss: 0.3610075
	speed: 0.0644s/iter; left time: 5142.3861s
	iters: 600, epoch: 29 | loss: 0.3682368
	speed: 0.0919s/iter; left time: 7328.3898s
	iters: 700, epoch: 29 | loss: 0.3616183
	speed: 0.1223s/iter; left time: 9742.5247s
	iters: 800, epoch: 29 | loss: 0.3435729
	speed: 0.1160s/iter; left time: 9224.2608s
	iters: 900, epoch: 29 | loss: 0.3583395
	speed: 0.0640s/iter; left time: 5088.6625s
	iters: 1000, epoch: 29 | loss: 0.3263537
	speed: 0.0626s/iter; left time: 4965.5873s
	iters: 1100, epoch: 29 | loss: 0.3177513
	speed: 0.0459s/iter; left time: 3641.5939s
Epoch: 29 cost time: 85.05790090560913
Epoch: 29, Steps: 1116 | Train Loss: 0.3562743 Vali Loss: 0.1582990 Test Loss: 0.1882250
EarlyStopping counter: 12 out of 15
	iters: 100, epoch: 30 | loss: 0.3485812
	speed: 1.2099s/iter; left time: 95746.5708s
	iters: 200, epoch: 30 | loss: 0.3656765
	speed: 0.0283s/iter; left time: 2233.7872s
	iters: 300, epoch: 30 | loss: 0.3421507
	speed: 0.0288s/iter; left time: 2270.6502s
	iters: 400, epoch: 30 | loss: 0.3194521
	speed: 0.0292s/iter; left time: 2304.2804s
	iters: 500, epoch: 30 | loss: 0.3632281
	speed: 0.0276s/iter; left time: 2176.9490s
	iters: 600, epoch: 30 | loss: 0.3221850
	speed: 0.0281s/iter; left time: 2211.0327s
	iters: 700, epoch: 30 | loss: 0.3288916
	speed: 0.0288s/iter; left time: 2263.0440s
	iters: 800, epoch: 30 | loss: 0.3271371
	speed: 0.0275s/iter; left time: 2159.0475s
	iters: 900, epoch: 30 | loss: 0.3755837
	speed: 0.0283s/iter; left time: 2219.7367s
	iters: 1000, epoch: 30 | loss: 0.3101559
	speed: 0.0288s/iter; left time: 2249.4924s
	iters: 1100, epoch: 30 | loss: 0.3575460
	speed: 0.0283s/iter; left time: 2214.8690s
Epoch: 30 cost time: 32.547388792037964
Epoch: 30, Steps: 1116 | Train Loss: 0.3562503 Vali Loss: 0.1584805 Test Loss: 0.1882250
EarlyStopping counter: 13 out of 15
	iters: 100, epoch: 31 | loss: 0.3359427
	speed: 1.1615s/iter; left time: 90618.2183s
	iters: 200, epoch: 31 | loss: 0.3682574
	speed: 0.0279s/iter; left time: 2174.7982s
	iters: 300, epoch: 31 | loss: 0.3571656
	speed: 0.0271s/iter; left time: 2112.6414s
	iters: 400, epoch: 31 | loss: 0.3812013
	speed: 0.0275s/iter; left time: 2135.9405s
	iters: 500, epoch: 31 | loss: 0.3582304
	speed: 0.0278s/iter; left time: 2156.2467s
	iters: 600, epoch: 31 | loss: 0.3539854
	speed: 0.0274s/iter; left time: 2120.3743s
	iters: 700, epoch: 31 | loss: 0.3673591
	speed: 0.0276s/iter; left time: 2137.0293s
	iters: 800, epoch: 31 | loss: 0.3654217
	speed: 0.0276s/iter; left time: 2132.3903s
	iters: 900, epoch: 31 | loss: 0.3308171
	speed: 0.0269s/iter; left time: 2079.4697s
	iters: 1000, epoch: 31 | loss: 0.3872815
	speed: 0.0279s/iter; left time: 2150.1878s
	iters: 1100, epoch: 31 | loss: 0.3412214
	speed: 0.0280s/iter; left time: 2155.1064s
Epoch: 31 cost time: 31.681170225143433
Epoch: 31, Steps: 1116 | Train Loss: 0.3562410 Vali Loss: 0.1585941 Test Loss: 0.1882250
EarlyStopping counter: 14 out of 15
	iters: 100, epoch: 32 | loss: 0.3508012
	speed: 1.2226s/iter; left time: 94026.9817s
	iters: 200, epoch: 32 | loss: 0.3614028
	speed: 0.0275s/iter; left time: 2108.4913s
	iters: 300, epoch: 32 | loss: 0.3861076
	speed: 0.0282s/iter; left time: 2164.8040s
	iters: 400, epoch: 32 | loss: 0.3487690
	speed: 0.0276s/iter; left time: 2117.3638s
	iters: 500, epoch: 32 | loss: 0.3483176
	speed: 0.0272s/iter; left time: 2083.4059s
	iters: 600, epoch: 32 | loss: 0.3739840
	speed: 0.0292s/iter; left time: 2232.3373s
	iters: 700, epoch: 32 | loss: 0.3503558
	speed: 0.0273s/iter; left time: 2080.3700s
	iters: 800, epoch: 32 | loss: 0.3405568
	speed: 0.0277s/iter; left time: 2108.0184s
	iters: 900, epoch: 32 | loss: 0.3333497
	speed: 0.0281s/iter; left time: 2136.2677s
	iters: 1000, epoch: 32 | loss: 0.4027504
	speed: 0.0276s/iter; left time: 2099.6166s
	iters: 1100, epoch: 32 | loss: 0.3751618
	speed: 0.0309s/iter; left time: 2345.4442s
Epoch: 32 cost time: 32.25675892829895
Epoch: 32, Steps: 1116 | Train Loss: 0.3562494 Vali Loss: 0.1585140 Test Loss: 0.1882250
EarlyStopping counter: 15 out of 15
Early stopping
>>>>>>>testing : solar_96_96_TimeBridge_Solar_M_ft720_sl48_ll336_pl128_dm8_nh0_el1_dl128_df1_fctimeF_ebTrue_dtExp_projection_0<<<<<<<<<<<<<<<<<<<<<<<<<<<<<<<<<
test 10177
test shape: (10177, 1, 336, 137) (10177, 1, 336, 137)
test shape: (10177, 336, 137) (10177, 336, 137)
mse:0.18821199238300323, mae:0.21606720983982086
rmse:0.433834046125412, mape:0.3019680976867676, mspe:48227.26171875
