Args in experiment:
Namespace(revin=True, alpha=0.05, dropout=0.0, attn_dropout=0.15, batch_size=32, is_training=1, model_id='solar_96_96', model='TimeBridge', data='Solar', root_path='/cpfs01/projects-HDD/cfff-dea1e1ccd7cb_HDD/wubeiliang/TimeBridge/dataset/Solar/', data_path='solar_AL.txt', features='M', target='OT', freq='h', checkpoints='./checkpoints/', wo_time=False, seq_len=720, label_len=48, pred_len=720, seasonal_patterns='Monthly', t_layers=1, stable_len=6, use_group=False, random=False, router=None, zero=None, attn_type=None, temporal=False, Asym=True, kernel=25, wavelet='coif3', layer_norm=True, group=None, num_p=None, period=48, ratio=1, periods=None, enc_in=137, dec_in=137, c_in=137, sz_row=None, c_out=137, d_model=128, n_heads=8, e_layers=0, d_layers=1, d_ff=128, moving_avg=25, factor=1, k_segments=1, distil=True, embed='timeF', activation='gelu', output_attention=False, num_workers=10, itr=1, train_epochs=100, embedding_epochs=5, patience=15, pct_start=0.2, learning_rate=0.0005, embedding_lr=0.0005, des='Exp', loss='MSE', lradj='type1', use_amp=False, use_gpu=True, gpu=0, use_multi_gpu=False, devices='0,1,2,3', exp_name='None', efficient_training=False, channel_independence=False, inverse=False, class_strategy='projection', target_root_path='./data/electricity/', target_data_path='electricity.csv')
Use GPU: cuda:0
>>>>>>>start training : solar_96_96_TimeBridge_Solar_M_ft720_sl48_ll720_pl128_dm8_nh0_el1_dl128_df1_fctimeF_ebTrue_dtExp_projection_0>>>>>>>>>>>>>>>>>>>>>>>>>>
train 35353
val 4537
test 9793
	iters: 100, epoch: 1 | loss: 0.5420370
	speed: 0.0877s/iter; left time: 9673.9010s
	iters: 200, epoch: 1 | loss: 0.5102291
	speed: 0.0924s/iter; left time: 10177.1408s
	iters: 300, epoch: 1 | loss: 0.5040917
	speed: 0.0648s/iter; left time: 7136.8722s
	iters: 400, epoch: 1 | loss: 0.4919786
	speed: 0.0911s/iter; left time: 10024.1096s
	iters: 500, epoch: 1 | loss: 0.4944276
	speed: 0.0732s/iter; left time: 8039.2918s
	iters: 600, epoch: 1 | loss: 0.4933468
	speed: 0.0866s/iter; left time: 9503.4066s
	iters: 700, epoch: 1 | loss: 0.4432756
	speed: 0.0832s/iter; left time: 9126.3306s
	iters: 800, epoch: 1 | loss: 0.4928764
	speed: 0.0618s/iter; left time: 6774.0213s
	iters: 900, epoch: 1 | loss: 0.4910789
	speed: 0.1074s/iter; left time: 11764.9401s
	iters: 1000, epoch: 1 | loss: 0.4678397
	speed: 0.0671s/iter; left time: 7336.8845s
	iters: 1100, epoch: 1 | loss: 0.4738690
	speed: 0.0785s/iter; left time: 8579.4222s
Epoch: 1 cost time: 90.09534645080566
Epoch: 1, Steps: 1104 | Train Loss: 0.4902440 Vali Loss: 0.1567440 Test Loss: 0.2072912
Validation loss decreased (inf --> 0.156744).  Saving model ...
	iters: 100, epoch: 2 | loss: 0.4630763
	speed: 3.4602s/iter; left time: 377839.4654s
	iters: 200, epoch: 2 | loss: 0.4907893
	speed: 0.0700s/iter; left time: 7633.2609s
	iters: 300, epoch: 2 | loss: 0.4402761
	speed: 0.0962s/iter; left time: 10482.9908s
	iters: 400, epoch: 2 | loss: 0.4475997
	speed: 0.0753s/iter; left time: 8199.0912s
	iters: 500, epoch: 2 | loss: 0.4692025
	speed: 0.1006s/iter; left time: 10945.7828s
	iters: 600, epoch: 2 | loss: 0.4594567
	speed: 0.0844s/iter; left time: 9177.0838s
	iters: 700, epoch: 2 | loss: 0.4766665
	speed: 0.0879s/iter; left time: 9542.5641s
	iters: 800, epoch: 2 | loss: 0.4495097
	speed: 0.0898s/iter; left time: 9744.1264s
	iters: 900, epoch: 2 | loss: 0.4863834
	speed: 0.0839s/iter; left time: 9095.2674s
	iters: 1000, epoch: 2 | loss: 0.4503304
	speed: 0.0988s/iter; left time: 10697.0003s
	iters: 1100, epoch: 2 | loss: 0.4408213
	speed: 0.0732s/iter; left time: 7916.6962s
Epoch: 2 cost time: 97.87667274475098
Epoch: 2, Steps: 1104 | Train Loss: 0.4567739 Vali Loss: 0.1549809 Test Loss: 0.2015818
Validation loss decreased (0.156744 --> 0.154981).  Saving model ...
	iters: 100, epoch: 3 | loss: 0.4572450
	speed: 2.9879s/iter; left time: 322969.0972s
	iters: 200, epoch: 3 | loss: 0.4423929
	speed: 0.0871s/iter; left time: 9406.8894s
	iters: 300, epoch: 3 | loss: 0.4621105
	speed: 0.1133s/iter; left time: 12226.9282s
	iters: 400, epoch: 3 | loss: 0.4547512
	speed: 0.0615s/iter; left time: 6634.0153s
	iters: 500, epoch: 3 | loss: 0.4627886
	speed: 0.0753s/iter; left time: 8108.6240s
	iters: 600, epoch: 3 | loss: 0.4341015
	speed: 0.0696s/iter; left time: 7485.2243s
	iters: 700, epoch: 3 | loss: 0.4510063
	speed: 0.0702s/iter; left time: 7541.3857s
	iters: 800, epoch: 3 | loss: 0.4637619
	speed: 0.0610s/iter; left time: 6545.8523s
	iters: 900, epoch: 3 | loss: 0.4696733
	speed: 0.0693s/iter; left time: 7440.3142s
	iters: 1000, epoch: 3 | loss: 0.4436752
	speed: 0.0636s/iter; left time: 6814.1063s
	iters: 1100, epoch: 3 | loss: 0.4442073
	speed: 0.0667s/iter; left time: 7145.2022s
Epoch: 3 cost time: 81.90598154067993
Epoch: 3, Steps: 1104 | Train Loss: 0.4466665 Vali Loss: 0.1529088 Test Loss: 0.1994294
Validation loss decreased (0.154981 --> 0.152909).  Saving model ...
	iters: 100, epoch: 4 | loss: 0.4195048
	speed: 3.1337s/iter; left time: 335272.6023s
	iters: 200, epoch: 4 | loss: 0.4243407
	speed: 0.0908s/iter; left time: 9705.0833s
	iters: 300, epoch: 4 | loss: 0.4548266
	speed: 0.0629s/iter; left time: 6713.6143s
	iters: 400, epoch: 4 | loss: 0.4259042
	speed: 0.0596s/iter; left time: 6360.6594s
	iters: 500, epoch: 4 | loss: 0.4563499
	speed: 0.0620s/iter; left time: 6603.7072s
	iters: 600, epoch: 4 | loss: 0.4669977
	speed: 0.0655s/iter; left time: 6980.1116s
	iters: 700, epoch: 4 | loss: 0.4459228
	speed: 0.0592s/iter; left time: 6296.9467s
	iters: 800, epoch: 4 | loss: 0.4760392
	speed: 0.0635s/iter; left time: 6748.2587s
	iters: 900, epoch: 4 | loss: 0.4397955
	speed: 0.0612s/iter; left time: 6503.1598s
	iters: 1000, epoch: 4 | loss: 0.4496165
	speed: 0.0601s/iter; left time: 6373.9497s
	iters: 1100, epoch: 4 | loss: 0.4629057
	speed: 0.0862s/iter; left time: 9136.2974s
Epoch: 4 cost time: 79.88348531723022
Epoch: 4, Steps: 1104 | Train Loss: 0.4429420 Vali Loss: 0.1501000 Test Loss: 0.1949688
Validation loss decreased (0.152909 --> 0.150100).  Saving model ...
	iters: 100, epoch: 5 | loss: 0.4235514
	speed: 2.2544s/iter; left time: 238703.8582s
	iters: 200, epoch: 5 | loss: 0.4470804
	speed: 0.0328s/iter; left time: 3466.4016s
	iters: 300, epoch: 5 | loss: 0.4115717
	speed: 0.0350s/iter; left time: 3704.1168s
	iters: 400, epoch: 5 | loss: 0.4646442
	speed: 0.0323s/iter; left time: 3414.0019s
	iters: 500, epoch: 5 | loss: 0.4408022
	speed: 0.0318s/iter; left time: 3353.6442s
	iters: 600, epoch: 5 | loss: 0.4194140
	speed: 0.0324s/iter; left time: 3416.0921s
	iters: 700, epoch: 5 | loss: 0.4387572
	speed: 0.0337s/iter; left time: 3551.1184s
	iters: 800, epoch: 5 | loss: 0.4494894
	speed: 0.0345s/iter; left time: 3631.4668s
	iters: 900, epoch: 5 | loss: 0.4485574
	speed: 0.0333s/iter; left time: 3502.3702s
	iters: 1000, epoch: 5 | loss: 0.4473810
	speed: 0.0345s/iter; left time: 3619.6214s
	iters: 1100, epoch: 5 | loss: 0.4457231
	speed: 0.0316s/iter; left time: 3319.2434s
Epoch: 5 cost time: 38.486215591430664
Epoch: 5, Steps: 1104 | Train Loss: 0.4408467 Vali Loss: 0.1502304 Test Loss: 0.1951040
EarlyStopping counter: 1 out of 15
	iters: 100, epoch: 6 | loss: 0.4548460
	speed: 1.6046s/iter; left time: 168127.7942s
	iters: 200, epoch: 6 | loss: 0.4150069
	speed: 0.0713s/iter; left time: 7465.3784s
	iters: 300, epoch: 6 | loss: 0.4126294
	speed: 0.0637s/iter; left time: 6663.0615s
	iters: 400, epoch: 6 | loss: 0.4421426
	speed: 0.0863s/iter; left time: 9018.9650s
	iters: 500, epoch: 6 | loss: 0.4289390
	speed: 0.0637s/iter; left time: 6650.7698s
	iters: 600, epoch: 6 | loss: 0.4477636
	speed: 0.0786s/iter; left time: 8196.5370s
	iters: 700, epoch: 6 | loss: 0.4564679
	speed: 0.0765s/iter; left time: 7966.2562s
	iters: 800, epoch: 6 | loss: 0.4389711
	speed: 0.0659s/iter; left time: 6857.2963s
	iters: 900, epoch: 6 | loss: 0.4661031
	speed: 0.0879s/iter; left time: 9144.2695s
	iters: 1000, epoch: 6 | loss: 0.4544840
	speed: 0.0596s/iter; left time: 6186.1328s
	iters: 1100, epoch: 6 | loss: 0.4603124
	speed: 0.0812s/iter; left time: 8429.3118s
Epoch: 6 cost time: 84.88142561912537
Epoch: 6, Steps: 1104 | Train Loss: 0.4397465 Vali Loss: 0.1496722 Test Loss: 0.1948127
Validation loss decreased (0.150100 --> 0.149672).  Saving model ...
	iters: 100, epoch: 7 | loss: 0.4156231
	speed: 3.5703s/iter; left time: 370155.2708s
	iters: 200, epoch: 7 | loss: 0.4448940
	speed: 0.0894s/iter; left time: 9255.9698s
	iters: 300, epoch: 7 | loss: 0.4523237
	speed: 0.0776s/iter; left time: 8031.6707s
	iters: 400, epoch: 7 | loss: 0.4432220
	speed: 0.0809s/iter; left time: 8365.3105s
	iters: 500, epoch: 7 | loss: 0.4076258
	speed: 0.0776s/iter; left time: 8014.6121s
	iters: 600, epoch: 7 | loss: 0.4038830
	speed: 0.0738s/iter; left time: 7612.5189s
	iters: 700, epoch: 7 | loss: 0.4768692
	speed: 0.0887s/iter; left time: 9147.8901s
	iters: 800, epoch: 7 | loss: 0.4483798
	speed: 0.0722s/iter; left time: 7431.3296s
	iters: 900, epoch: 7 | loss: 0.4327118
	speed: 0.0767s/iter; left time: 7890.7759s
	iters: 1000, epoch: 7 | loss: 0.4211820
	speed: 0.0778s/iter; left time: 7991.9244s
	iters: 1100, epoch: 7 | loss: 0.4490859
	speed: 0.0702s/iter; left time: 7204.8174s
Epoch: 7 cost time: 87.78696298599243
Epoch: 7, Steps: 1104 | Train Loss: 0.4391086 Vali Loss: 0.1497227 Test Loss: 0.1948398
EarlyStopping counter: 1 out of 15
	iters: 100, epoch: 8 | loss: 0.4450584
	speed: 3.1054s/iter; left time: 318533.3269s
	iters: 200, epoch: 8 | loss: 0.4352695
	speed: 0.0976s/iter; left time: 9999.5300s
	iters: 300, epoch: 8 | loss: 0.4262793
	speed: 0.0573s/iter; left time: 5867.1237s
	iters: 400, epoch: 8 | loss: 0.4288939
	speed: 0.0573s/iter; left time: 5864.1292s
	iters: 500, epoch: 8 | loss: 0.4254542
	speed: 0.0538s/iter; left time: 5493.5422s
	iters: 600, epoch: 8 | loss: 0.4589500
	speed: 0.0627s/iter; left time: 6400.0756s
	iters: 700, epoch: 8 | loss: 0.4292782
	speed: 0.0544s/iter; left time: 5544.5220s
	iters: 800, epoch: 8 | loss: 0.4328185
	speed: 0.0597s/iter; left time: 6086.5621s
	iters: 900, epoch: 8 | loss: 0.4505745
	speed: 0.0530s/iter; left time: 5394.4659s
	iters: 1000, epoch: 8 | loss: 0.4694255
	speed: 0.0571s/iter; left time: 5804.3546s
	iters: 1100, epoch: 8 | loss: 0.4305124
	speed: 0.0605s/iter; left time: 6148.7663s
Epoch: 8 cost time: 72.43261694908142
Epoch: 8, Steps: 1104 | Train Loss: 0.4387936 Vali Loss: 0.1500824 Test Loss: 0.1953509
EarlyStopping counter: 2 out of 15
	iters: 100, epoch: 9 | loss: 0.4904435
	speed: 2.9116s/iter; left time: 295433.9694s
	iters: 200, epoch: 9 | loss: 0.4315622
	speed: 0.0582s/iter; left time: 5904.7412s
	iters: 300, epoch: 9 | loss: 0.4400399
	speed: 0.0557s/iter; left time: 5644.7516s
	iters: 400, epoch: 9 | loss: 0.4360850
	speed: 0.0958s/iter; left time: 9690.7154s
	iters: 500, epoch: 9 | loss: 0.4491079
	speed: 0.0901s/iter; left time: 9104.9853s
	iters: 600, epoch: 9 | loss: 0.4439834
	speed: 0.0560s/iter; left time: 5653.9736s
	iters: 700, epoch: 9 | loss: 0.4263623
	speed: 0.0580s/iter; left time: 5854.3061s
	iters: 800, epoch: 9 | loss: 0.4586367
	speed: 0.0581s/iter; left time: 5859.3198s
	iters: 900, epoch: 9 | loss: 0.4407694
	speed: 0.0594s/iter; left time: 5975.0222s
	iters: 1000, epoch: 9 | loss: 0.4257123
	speed: 0.0563s/iter; left time: 5663.2730s
	iters: 1100, epoch: 9 | loss: 0.4316240
	speed: 0.0570s/iter; left time: 5727.6531s
Epoch: 9 cost time: 71.9918441772461
Epoch: 9, Steps: 1104 | Train Loss: 0.4385873 Vali Loss: 0.1497627 Test Loss: 0.1951621
EarlyStopping counter: 3 out of 15
	iters: 100, epoch: 10 | loss: 0.4398438
	speed: 2.9483s/iter; left time: 295904.6523s
	iters: 200, epoch: 10 | loss: 0.4576060
	speed: 0.0555s/iter; left time: 5565.9950s
	iters: 300, epoch: 10 | loss: 0.4173455
	speed: 0.0594s/iter; left time: 5952.7439s
	iters: 400, epoch: 10 | loss: 0.4187420
	speed: 0.0610s/iter; left time: 6104.7854s
	iters: 500, epoch: 10 | loss: 0.4661230
	speed: 0.0539s/iter; left time: 5384.5081s
	iters: 600, epoch: 10 | loss: 0.4225627
	speed: 0.0810s/iter; left time: 8086.5042s
	iters: 700, epoch: 10 | loss: 0.4139370
	speed: 0.1027s/iter; left time: 10241.6257s
	iters: 800, epoch: 10 | loss: 0.4500844
	speed: 0.0671s/iter; left time: 6685.6384s
	iters: 900, epoch: 10 | loss: 0.4527652
	speed: 0.0553s/iter; left time: 5504.7516s
	iters: 1000, epoch: 10 | loss: 0.4326246
	speed: 0.0565s/iter; left time: 5620.7828s
	iters: 1100, epoch: 10 | loss: 0.4579129
	speed: 0.0562s/iter; left time: 5586.8219s
Epoch: 10 cost time: 72.50494384765625
Epoch: 10, Steps: 1104 | Train Loss: 0.4384981 Vali Loss: 0.1495818 Test Loss: 0.1950437
Validation loss decreased (0.149672 --> 0.149582).  Saving model ...
	iters: 100, epoch: 11 | loss: 0.4817405
	speed: 2.9005s/iter; left time: 287904.1338s
	iters: 200, epoch: 11 | loss: 0.4130321
	speed: 0.0587s/iter; left time: 5818.9696s
	iters: 300, epoch: 11 | loss: 0.4658113
	speed: 0.0550s/iter; left time: 5447.4599s
	iters: 400, epoch: 11 | loss: 0.4215363
	speed: 0.0611s/iter; left time: 6050.6236s
	iters: 500, epoch: 11 | loss: 0.4466881
	speed: 0.0647s/iter; left time: 6394.2142s
	iters: 600, epoch: 11 | loss: 0.4660723
	speed: 0.0595s/iter; left time: 5876.5609s
	iters: 700, epoch: 11 | loss: 0.4512706
	speed: 0.0580s/iter; left time: 5722.4412s
	iters: 800, epoch: 11 | loss: 0.4496467
	speed: 0.0547s/iter; left time: 5392.0598s
	iters: 900, epoch: 11 | loss: 0.4546960
	speed: 0.0747s/iter; left time: 7353.6773s
	iters: 1000, epoch: 11 | loss: 0.4072512
	speed: 0.0902s/iter; left time: 8873.7355s
	iters: 1100, epoch: 11 | loss: 0.4590119
	speed: 0.0821s/iter; left time: 8063.5843s
Epoch: 11 cost time: 73.65029621124268
Epoch: 11, Steps: 1104 | Train Loss: 0.4384402 Vali Loss: 0.1499645 Test Loss: 0.1952700
EarlyStopping counter: 1 out of 15
	iters: 100, epoch: 12 | loss: 0.4695236
	speed: 3.0282s/iter; left time: 297236.1357s
	iters: 200, epoch: 12 | loss: 0.4180351
	speed: 0.0993s/iter; left time: 9740.7114s
	iters: 300, epoch: 12 | loss: 0.4276333
	speed: 0.1344s/iter; left time: 13161.8527s
	iters: 400, epoch: 12 | loss: 0.4256013
	speed: 0.0670s/iter; left time: 6560.5111s
	iters: 500, epoch: 12 | loss: 0.4538158
	speed: 0.0773s/iter; left time: 7558.6149s
	iters: 600, epoch: 12 | loss: 0.4191146
	speed: 0.0738s/iter; left time: 7204.0431s
	iters: 700, epoch: 12 | loss: 0.4464717
	speed: 0.0681s/iter; left time: 6645.4536s
	iters: 800, epoch: 12 | loss: 0.4327463
	speed: 0.0740s/iter; left time: 7216.6239s
	iters: 900, epoch: 12 | loss: 0.4477023
	speed: 0.0736s/iter; left time: 7170.0541s
	iters: 1000, epoch: 12 | loss: 0.4358158
	speed: 0.0694s/iter; left time: 6747.1439s
	iters: 1100, epoch: 12 | loss: 0.4687838
	speed: 0.0690s/iter; left time: 6700.4595s
Epoch: 12 cost time: 89.14981365203857
Epoch: 12, Steps: 1104 | Train Loss: 0.4384536 Vali Loss: 0.1498599 Test Loss: 0.1950989
EarlyStopping counter: 2 out of 15
	iters: 100, epoch: 13 | loss: 0.3967226
	speed: 5.8980s/iter; left time: 572417.1042s
	iters: 200, epoch: 13 | loss: 0.4418507
	speed: 0.1117s/iter; left time: 10826.7577s
	iters: 300, epoch: 13 | loss: 0.4475607
	speed: 0.0611s/iter; left time: 5921.9015s
	iters: 400, epoch: 13 | loss: 0.4216281
	speed: 0.0336s/iter; left time: 3248.8414s
	iters: 500, epoch: 13 | loss: 0.4096665
	speed: 0.0347s/iter; left time: 3357.1219s
	iters: 600, epoch: 13 | loss: 0.4394418
	speed: 0.0322s/iter; left time: 3113.5786s
	iters: 700, epoch: 13 | loss: 0.4142500
	speed: 0.0315s/iter; left time: 3042.4503s
	iters: 800, epoch: 13 | loss: 0.4079860
	speed: 0.0324s/iter; left time: 3117.1803s
	iters: 900, epoch: 13 | loss: 0.4215488
	speed: 0.0320s/iter; left time: 3079.3027s
	iters: 1000, epoch: 13 | loss: 0.4173110
	speed: 0.0348s/iter; left time: 3348.7708s
	iters: 1100, epoch: 13 | loss: 0.4323509
	speed: 0.0326s/iter; left time: 3128.8298s
Epoch: 13 cost time: 54.607327699661255
Epoch: 13, Steps: 1104 | Train Loss: 0.4384414 Vali Loss: 0.1499502 Test Loss: 0.1951323
EarlyStopping counter: 3 out of 15
	iters: 100, epoch: 14 | loss: 0.4468271
	speed: 1.5127s/iter; left time: 145138.0572s
	iters: 200, epoch: 14 | loss: 0.4217783
	speed: 0.0327s/iter; left time: 3130.9828s
	iters: 300, epoch: 14 | loss: 0.4759767
	speed: 0.0334s/iter; left time: 3201.1456s
	iters: 400, epoch: 14 | loss: 0.4510297
	speed: 0.0333s/iter; left time: 3187.4694s
	iters: 500, epoch: 14 | loss: 0.4295275
	speed: 0.0327s/iter; left time: 3126.2333s
	iters: 600, epoch: 14 | loss: 0.4312566
	speed: 0.0321s/iter; left time: 3065.4720s
	iters: 700, epoch: 14 | loss: 0.4570332
	speed: 0.0343s/iter; left time: 3271.7122s
	iters: 800, epoch: 14 | loss: 0.4382510
	speed: 0.0317s/iter; left time: 3016.2706s
	iters: 900, epoch: 14 | loss: 0.4483369
	speed: 0.0318s/iter; left time: 3029.8466s
	iters: 1000, epoch: 14 | loss: 0.4358891
	speed: 0.0343s/iter; left time: 3263.5612s
	iters: 1100, epoch: 14 | loss: 0.4158957
	speed: 0.0435s/iter; left time: 4127.0291s
Epoch: 14 cost time: 39.04673743247986
Epoch: 14, Steps: 1104 | Train Loss: 0.4384097 Vali Loss: 0.1498448 Test Loss: 0.1951563
EarlyStopping counter: 4 out of 15
	iters: 100, epoch: 15 | loss: 0.4567344
	speed: 3.5149s/iter; left time: 333371.1941s
	iters: 200, epoch: 15 | loss: 0.3994009
	speed: 0.0640s/iter; left time: 6062.5936s
	iters: 300, epoch: 15 | loss: 0.4540229
	speed: 0.0848s/iter; left time: 8030.4711s
	iters: 400, epoch: 15 | loss: 0.4409880
	speed: 0.0504s/iter; left time: 4768.7404s
	iters: 500, epoch: 15 | loss: 0.4639963
	speed: 0.0343s/iter; left time: 3235.0017s
	iters: 600, epoch: 15 | loss: 0.4468476
	speed: 0.0643s/iter; left time: 6065.9650s
	iters: 700, epoch: 15 | loss: 0.4504532
	speed: 0.0693s/iter; left time: 6532.8966s
	iters: 800, epoch: 15 | loss: 0.4665795
	speed: 0.0775s/iter; left time: 7291.6505s
	iters: 900, epoch: 15 | loss: 0.4695857
	speed: 0.0702s/iter; left time: 6600.0598s
	iters: 1000, epoch: 15 | loss: 0.4133122
	speed: 0.0899s/iter; left time: 8449.2836s
	iters: 1100, epoch: 15 | loss: 0.4552945
	speed: 0.0692s/iter; left time: 6496.3433s
Epoch: 15 cost time: 77.88633942604065
Epoch: 15, Steps: 1104 | Train Loss: 0.4383845 Vali Loss: 0.1499438 Test Loss: 0.1951558
EarlyStopping counter: 5 out of 15
	iters: 100, epoch: 16 | loss: 0.4463365
	speed: 11.9617s/iter; left time: 1121299.1127s
	iters: 200, epoch: 16 | loss: 0.4442889
	speed: 0.1138s/iter; left time: 10657.2550s
	iters: 300, epoch: 16 | loss: 0.4429888
	speed: 0.1313s/iter; left time: 12278.5143s
	iters: 400, epoch: 16 | loss: 0.4442776
	speed: 0.1520s/iter; left time: 14199.7491s
	iters: 500, epoch: 16 | loss: 0.4253431
	speed: 0.1520s/iter; left time: 14183.8470s
	iters: 600, epoch: 16 | loss: 0.4556721
	speed: 0.1450s/iter; left time: 13524.2108s
	iters: 700, epoch: 16 | loss: 0.4166226
	speed: 0.1353s/iter; left time: 12597.6197s
	iters: 800, epoch: 16 | loss: 0.4414631
	speed: 0.1489s/iter; left time: 13858.0956s
	iters: 900, epoch: 16 | loss: 0.4468621
	speed: 0.1098s/iter; left time: 10208.9908s
	iters: 1000, epoch: 16 | loss: 0.4398685
	speed: 0.1099s/iter; left time: 10203.1863s
	iters: 1100, epoch: 16 | loss: 0.4345945
	speed: 0.1401s/iter; left time: 12994.9736s
Epoch: 16 cost time: 147.62758588790894
Epoch: 16, Steps: 1104 | Train Loss: 0.4384073 Vali Loss: 0.1497705 Test Loss: 0.1951543
EarlyStopping counter: 6 out of 15
	iters: 100, epoch: 17 | loss: 0.4201322
	speed: 3.2156s/iter; left time: 297882.3065s
	iters: 200, epoch: 17 | loss: 0.4166924
	speed: 0.0339s/iter; left time: 3134.1166s
	iters: 300, epoch: 17 | loss: 0.4536189
	speed: 0.0312s/iter; left time: 2880.7012s
	iters: 400, epoch: 17 | loss: 0.4463525
	speed: 0.0330s/iter; left time: 3047.8069s
	iters: 500, epoch: 17 | loss: 0.4522735
	speed: 0.0343s/iter; left time: 3167.6790s
	iters: 600, epoch: 17 | loss: 0.4278045
	speed: 0.0330s/iter; left time: 3044.5095s
	iters: 700, epoch: 17 | loss: 0.4369903
	speed: 0.0348s/iter; left time: 3200.0758s
	iters: 800, epoch: 17 | loss: 0.4367305
	speed: 0.0330s/iter; left time: 3031.9155s
	iters: 900, epoch: 17 | loss: 0.4780876
	speed: 0.0331s/iter; left time: 3037.2669s
	iters: 1000, epoch: 17 | loss: 0.4374645
	speed: 0.0327s/iter; left time: 2995.6805s
	iters: 1100, epoch: 17 | loss: 0.4426902
	speed: 0.0336s/iter; left time: 3074.6431s
Epoch: 17 cost time: 38.04610800743103
Epoch: 17, Steps: 1104 | Train Loss: 0.4384014 Vali Loss: 0.1499067 Test Loss: 0.1951555
EarlyStopping counter: 7 out of 15
	iters: 100, epoch: 18 | loss: 0.4442130
	speed: 7.6950s/iter; left time: 704349.8558s
	iters: 200, epoch: 18 | loss: 0.4467548
	speed: 0.0928s/iter; left time: 8483.6685s
	iters: 300, epoch: 18 | loss: 0.4357790
	speed: 0.0660s/iter; left time: 6025.5016s
	iters: 400, epoch: 18 | loss: 0.4452171
	speed: 0.0847s/iter; left time: 7724.3901s
	iters: 500, epoch: 18 | loss: 0.4395341
	speed: 0.0664s/iter; left time: 6048.3823s
	iters: 600, epoch: 18 | loss: 0.4139807
	speed: 0.0832s/iter; left time: 7571.9787s
	iters: 700, epoch: 18 | loss: 0.4501123
	speed: 0.0704s/iter; left time: 6402.2390s
	iters: 800, epoch: 18 | loss: 0.4349911
	speed: 0.0635s/iter; left time: 5766.3303s
	iters: 900, epoch: 18 | loss: 0.4216194
	speed: 0.0902s/iter; left time: 8182.5298s
	iters: 1000, epoch: 18 | loss: 0.4289296
	speed: 0.0350s/iter; left time: 3169.2056s
	iters: 1100, epoch: 18 | loss: 0.4495655
	speed: 0.0534s/iter; left time: 4835.1278s
Epoch: 18 cost time: 86.43395638465881
Epoch: 18, Steps: 1104 | Train Loss: 0.4384216 Vali Loss: 0.1499961 Test Loss: 0.1951552
EarlyStopping counter: 8 out of 15
	iters: 100, epoch: 19 | loss: 0.4579101
	speed: 3.7472s/iter; left time: 338855.6640s
	iters: 200, epoch: 19 | loss: 0.4768894
	speed: 0.0768s/iter; left time: 6940.7716s
	iters: 300, epoch: 19 | loss: 0.4358268
	speed: 0.0697s/iter; left time: 6288.3695s
	iters: 400, epoch: 19 | loss: 0.4209250
	speed: 0.0949s/iter; left time: 8550.2354s
	iters: 500, epoch: 19 | loss: 0.4142039
	speed: 0.0647s/iter; left time: 5828.7011s
	iters: 600, epoch: 19 | loss: 0.4638330
	speed: 0.0823s/iter; left time: 7401.3902s
	iters: 700, epoch: 19 | loss: 0.4339550
	speed: 0.0533s/iter; left time: 4792.3528s
	iters: 800, epoch: 19 | loss: 0.4827390
	speed: 0.0393s/iter; left time: 3525.6838s
	iters: 900, epoch: 19 | loss: 0.4179106
	speed: 0.0571s/iter; left time: 5120.2817s
	iters: 1000, epoch: 19 | loss: 0.4255399
	speed: 0.0570s/iter; left time: 5102.2480s
	iters: 1100, epoch: 19 | loss: 0.4327635
	speed: 0.0574s/iter; left time: 5134.7743s
Epoch: 19 cost time: 75.10296249389648
Epoch: 19, Steps: 1104 | Train Loss: 0.4384018 Vali Loss: 0.1498546 Test Loss: 0.1951552
EarlyStopping counter: 9 out of 15
	iters: 100, epoch: 20 | loss: 0.4292739
	speed: 2.8169s/iter; left time: 251619.3306s
	iters: 200, epoch: 20 | loss: 0.4387404
	speed: 0.0598s/iter; left time: 5333.2142s
	iters: 300, epoch: 20 | loss: 0.4509121
	speed: 0.0554s/iter; left time: 4936.5545s
	iters: 400, epoch: 20 | loss: 0.4324550
	speed: 0.0555s/iter; left time: 4944.7969s
	iters: 500, epoch: 20 | loss: 0.4705428
	speed: 0.0569s/iter; left time: 5060.4529s
	iters: 600, epoch: 20 | loss: 0.4352691
	speed: 0.0586s/iter; left time: 5203.4204s
	iters: 700, epoch: 20 | loss: 0.4521205
	speed: 0.0578s/iter; left time: 5129.8503s
	iters: 800, epoch: 20 | loss: 0.4328188
	speed: 0.0601s/iter; left time: 5326.0441s
	iters: 900, epoch: 20 | loss: 0.4432474
	speed: 0.0559s/iter; left time: 4948.5941s
	iters: 1000, epoch: 20 | loss: 0.4433322
	speed: 0.0809s/iter; left time: 7151.2227s
	iters: 1100, epoch: 20 | loss: 0.4681773
	speed: 0.0986s/iter; left time: 8712.1637s
Epoch: 20 cost time: 72.09876251220703
Epoch: 20, Steps: 1104 | Train Loss: 0.4384068 Vali Loss: 0.1497512 Test Loss: 0.1951552
EarlyStopping counter: 10 out of 15
	iters: 100, epoch: 21 | loss: 0.4602480
	speed: 2.8082s/iter; left time: 247744.0530s
	iters: 200, epoch: 21 | loss: 0.3931867
	speed: 0.0939s/iter; left time: 8272.5633s
	iters: 300, epoch: 21 | loss: 0.4195314
	speed: 0.0682s/iter; left time: 5999.6303s
	iters: 400, epoch: 21 | loss: 0.4600713
	speed: 0.0547s/iter; left time: 4807.9923s
	iters: 500, epoch: 21 | loss: 0.4450977
	speed: 0.0592s/iter; left time: 5200.1082s
	iters: 600, epoch: 21 | loss: 0.4454312
	speed: 0.0590s/iter; left time: 5171.8943s
	iters: 700, epoch: 21 | loss: 0.4595697
	speed: 0.0536s/iter; left time: 4700.3736s
	iters: 800, epoch: 21 | loss: 0.4673085
	speed: 0.0564s/iter; left time: 4936.1319s
	iters: 900, epoch: 21 | loss: 0.4434373
	speed: 0.0584s/iter; left time: 5108.9429s
	iters: 1000, epoch: 21 | loss: 0.4379476
	speed: 0.0583s/iter; left time: 5090.9444s
	iters: 1100, epoch: 21 | loss: 0.4393336
	speed: 0.0567s/iter; left time: 4947.2634s
Epoch: 21 cost time: 71.98447847366333
Epoch: 21, Steps: 1104 | Train Loss: 0.4384209 Vali Loss: 0.1499276 Test Loss: 0.1951552
EarlyStopping counter: 11 out of 15
	iters: 100, epoch: 22 | loss: 0.4651279
	speed: 2.3932s/iter; left time: 208488.1098s
	iters: 200, epoch: 22 | loss: 0.4472210
	speed: 0.0320s/iter; left time: 2783.7521s
	iters: 300, epoch: 22 | loss: 0.4488555
	speed: 0.0328s/iter; left time: 2849.3298s
	iters: 400, epoch: 22 | loss: 0.4501240
	speed: 0.0344s/iter; left time: 2984.8229s
	iters: 500, epoch: 22 | loss: 0.4429880
	speed: 0.0335s/iter; left time: 2907.6433s
	iters: 600, epoch: 22 | loss: 0.4563177
	speed: 0.0341s/iter; left time: 2957.8014s
	iters: 700, epoch: 22 | loss: 0.4270090
	speed: 0.0329s/iter; left time: 2843.1543s
	iters: 800, epoch: 22 | loss: 0.4230988
	speed: 0.0346s/iter; left time: 2990.2450s
	iters: 900, epoch: 22 | loss: 0.4539379
	speed: 0.0318s/iter; left time: 2743.6506s
	iters: 1000, epoch: 22 | loss: 0.4319655
	speed: 0.0331s/iter; left time: 2853.3144s
	iters: 1100, epoch: 22 | loss: 0.4483256
	speed: 0.0318s/iter; left time: 2740.4646s
Epoch: 22 cost time: 38.28011441230774
Epoch: 22, Steps: 1104 | Train Loss: 0.4383996 Vali Loss: 0.1498427 Test Loss: 0.1951552
EarlyStopping counter: 12 out of 15
	iters: 100, epoch: 23 | loss: 0.4148318
	speed: 1.4846s/iter; left time: 127691.2176s
	iters: 200, epoch: 23 | loss: 0.4565034
	speed: 0.0328s/iter; left time: 2820.8558s
	iters: 300, epoch: 23 | loss: 0.4165371
	speed: 0.0313s/iter; left time: 2689.4149s
	iters: 400, epoch: 23 | loss: 0.4613345
	speed: 0.0322s/iter; left time: 2756.6125s
	iters: 500, epoch: 23 | loss: 0.4325334
	speed: 0.0346s/iter; left time: 2965.6713s
	iters: 600, epoch: 23 | loss: 0.4499941
	speed: 0.0531s/iter; left time: 4537.6109s
	iters: 700, epoch: 23 | loss: 0.4282448
	speed: 0.0657s/iter; left time: 5607.5942s
	iters: 800, epoch: 23 | loss: 0.4250956
	speed: 0.0819s/iter; left time: 6988.2160s
	iters: 900, epoch: 23 | loss: 0.4519265
	speed: 0.0694s/iter; left time: 5914.4033s
	iters: 1000, epoch: 23 | loss: 0.4649087
	speed: 0.0899s/iter; left time: 7650.9939s
	iters: 1100, epoch: 23 | loss: 0.4164123
	speed: 0.0734s/iter; left time: 6236.5222s
Epoch: 23 cost time: 61.61212110519409
Epoch: 23, Steps: 1104 | Train Loss: 0.4384092 Vali Loss: 0.1497631 Test Loss: 0.1951552
EarlyStopping counter: 13 out of 15
	iters: 100, epoch: 24 | loss: 0.4494950
	speed: 3.6806s/iter; left time: 312514.0402s
	iters: 200, epoch: 24 | loss: 0.4217395
	speed: 0.0740s/iter; left time: 6278.2264s
	iters: 300, epoch: 24 | loss: 0.4220285
	speed: 0.0891s/iter; left time: 7544.3285s
	iters: 400, epoch: 24 | loss: 0.4567806
	speed: 0.0682s/iter; left time: 5767.0023s
	iters: 500, epoch: 24 | loss: 0.4322077
	speed: 0.0785s/iter; left time: 6632.8176s
	iters: 600, epoch: 24 | loss: 0.4569837
	speed: 0.0794s/iter; left time: 6702.2614s
	iters: 700, epoch: 24 | loss: 0.4476880
	speed: 0.0678s/iter; left time: 5713.3302s
	iters: 800, epoch: 24 | loss: 0.4559211
	speed: 0.0870s/iter; left time: 7326.7934s
	iters: 900, epoch: 24 | loss: 0.4308687
	speed: 0.0744s/iter; left time: 6255.4653s
	iters: 1000, epoch: 24 | loss: 0.4556040
	speed: 0.0979s/iter; left time: 8221.5201s
	iters: 1100, epoch: 24 | loss: 0.4633369
	speed: 0.0728s/iter; left time: 6106.8829s
Epoch: 24 cost time: 89.9082043170929
Epoch: 24, Steps: 1104 | Train Loss: 0.4384070 Vali Loss: 0.1498896 Test Loss: 0.1951552
EarlyStopping counter: 14 out of 15
	iters: 100, epoch: 25 | loss: 0.4622098
	speed: 3.3590s/iter; left time: 281500.2950s
	iters: 200, epoch: 25 | loss: 0.4465959
	speed: 0.0722s/iter; left time: 6046.8029s
	iters: 300, epoch: 25 | loss: 0.4572421
	speed: 0.0658s/iter; left time: 5504.3769s
	iters: 400, epoch: 25 | loss: 0.4234172
	speed: 0.1117s/iter; left time: 9330.4784s
	iters: 500, epoch: 25 | loss: 0.4242349
	speed: 0.0790s/iter; left time: 6589.9402s
	iters: 600, epoch: 25 | loss: 0.4560046
	speed: 0.0645s/iter; left time: 5376.5563s
	iters: 700, epoch: 25 | loss: 0.4214445
	speed: 0.0706s/iter; left time: 5875.6884s
	iters: 800, epoch: 25 | loss: 0.4121954
	speed: 0.0662s/iter; left time: 5504.9783s
	iters: 900, epoch: 25 | loss: 0.4433764
	speed: 0.0653s/iter; left time: 5420.9587s
	iters: 1000, epoch: 25 | loss: 0.4130677
	speed: 0.0661s/iter; left time: 5478.5348s
	iters: 1100, epoch: 25 | loss: 0.4102245
	speed: 0.0636s/iter; left time: 5265.2483s
Epoch: 25 cost time: 80.96500897407532
Epoch: 25, Steps: 1104 | Train Loss: 0.4383871 Vali Loss: 0.1499346 Test Loss: 0.1951552
EarlyStopping counter: 15 out of 15
Early stopping
>>>>>>>testing : solar_96_96_TimeBridge_Solar_M_ft720_sl48_ll720_pl128_dm8_nh0_el1_dl128_df1_fctimeF_ebTrue_dtExp_projection_0<<<<<<<<<<<<<<<<<<<<<<<<<<<<<<<<<
test 9793
test shape: (9793, 1, 720, 137) (9793, 1, 720, 137)
test shape: (9793, 720, 137) (9793, 720, 137)
mse:0.19502414762973785, mae:0.2253636121749878
rmse:0.44161537289619446, mape:0.311049222946167, mspe:45691.6796875
