Args in experiment:
Namespace(revin=True, alpha=0.35, dropout=0.0, attn_dropout=0.15, batch_size=16, is_training=1, model_id='traffic_96', model='TimeBridge', data='custom', root_path='/cpfs01/projects-HDD/cfff-dea1e1ccd7cb_HDD/wubeiliang/TimeBridge/dataset/traffic/', data_path='traffic.csv', features='M', target='OT', freq='h', checkpoints='./checkpoints/', wo_time=False, seq_len=720, label_len=48, pred_len=96, seasonal_patterns='Monthly', t_layers=1, stable_len=2, use_group=False, random=False, router=None, zero=None, attn_type=None, temporal=False, Asym=True, kernel=25, wavelet='coif3', layer_norm=True, group=None, num_p=8, period=24, ratio=1, periods=None, enc_in=862, dec_in=862, c_in=862, sz_row=None, c_out=862, d_model=512, n_heads=64, e_layers=3, d_layers=1, d_ff=512, moving_avg=25, factor=1, k_segments=1, distil=True, embed='timeF', activation='gelu', output_attention=False, num_workers=10, itr=1, train_epochs=100, embedding_epochs=5, patience=5, pct_start=0.2, learning_rate=0.001, embedding_lr=0.0005, des='Exp', loss='MSE', lradj='type1', use_amp=False, use_gpu=True, gpu=0, use_multi_gpu=True, devices='0,1', exp_name='None', efficient_training=False, channel_independence=False, inverse=False, class_strategy='projection', target_root_path='./data/electricity/', target_data_path='electricity.csv', device_ids=[0, 1])
Use GPU: cuda:0
>>>>>>>start training : traffic_96_TimeBridge_custom_M_ft720_sl48_ll96_pl512_dm64_nh3_el1_dl512_df1_fctimeF_ebTrue_dtExp_projection_0>>>>>>>>>>>>>>>>>>>>>>>>>>
train 11465
val 1661
test 3413
	iters: 100, epoch: 1 | loss: 1.7544748
	speed: 0.6544s/iter; left time: 46791.5782s
	iters: 200, epoch: 1 | loss: 1.5027925
	speed: 0.6358s/iter; left time: 45394.7798s
	iters: 300, epoch: 1 | loss: 1.3827305
	speed: 0.6362s/iter; left time: 45358.8251s
	iters: 400, epoch: 1 | loss: 1.3864218
	speed: 0.6372s/iter; left time: 45370.0893s
	iters: 500, epoch: 1 | loss: 1.3913155
	speed: 0.6356s/iter; left time: 45194.6253s
	iters: 600, epoch: 1 | loss: 1.3063769
	speed: 0.6360s/iter; left time: 45157.7522s
	iters: 700, epoch: 1 | loss: 1.2783650
	speed: 0.6352s/iter; left time: 45039.6012s
Epoch: 1 cost time: 457.27082443237305
Epoch: 1, Steps: 716 | Train Loss: 1.5024304 Vali Loss: 0.3418915 Test Loss: 0.3966864
Validation loss decreased (inf --> 0.341892).  Saving model ...
	iters: 100, epoch: 2 | loss: 1.3000129
	speed: 2.1755s/iter; left time: 153990.6567s
	iters: 200, epoch: 2 | loss: 1.2431694
	speed: 0.6326s/iter; left time: 44716.3460s
	iters: 300, epoch: 2 | loss: 1.1672037
	speed: 0.6323s/iter; left time: 44631.9774s
	iters: 400, epoch: 2 | loss: 1.1307745
	speed: 0.6311s/iter; left time: 44485.1807s
	iters: 500, epoch: 2 | loss: 1.1459042
	speed: 0.6282s/iter; left time: 44216.4644s
	iters: 600, epoch: 2 | loss: 1.1925009
	speed: 0.6315s/iter; left time: 44382.3954s
	iters: 700, epoch: 2 | loss: 1.2004770
	speed: 0.6323s/iter; left time: 44377.2064s
Epoch: 2 cost time: 452.45553517341614
Epoch: 2, Steps: 716 | Train Loss: 1.2317191 Vali Loss: 0.3302222 Test Loss: 0.3771950
Validation loss decreased (0.341892 --> 0.330222).  Saving model ...
	iters: 100, epoch: 3 | loss: 1.1602123
	speed: 2.1960s/iter; left time: 153869.2072s
	iters: 200, epoch: 3 | loss: 1.2125421
	speed: 0.6315s/iter; left time: 44182.4775s
	iters: 300, epoch: 3 | loss: 1.1998900
	speed: 0.6307s/iter; left time: 44068.5281s
	iters: 400, epoch: 3 | loss: 1.1644745
	speed: 0.6311s/iter; left time: 44032.7480s
	iters: 500, epoch: 3 | loss: 1.2452316
	speed: 0.6308s/iter; left time: 43949.4952s
	iters: 600, epoch: 3 | loss: 1.1240466
	speed: 0.6317s/iter; left time: 43948.4148s
	iters: 700, epoch: 3 | loss: 1.1964430
	speed: 0.6322s/iter; left time: 43916.0692s
Epoch: 3 cost time: 452.87500405311584
Epoch: 3, Steps: 716 | Train Loss: 1.1739038 Vali Loss: 0.3227955 Test Loss: 0.3555846
Validation loss decreased (0.330222 --> 0.322796).  Saving model ...
	iters: 100, epoch: 4 | loss: 1.1608365
	speed: 2.2166s/iter; left time: 153731.2198s
	iters: 200, epoch: 4 | loss: 1.1435666
	speed: 0.6330s/iter; left time: 43836.2349s
	iters: 300, epoch: 4 | loss: 1.1244376
	speed: 0.6324s/iter; left time: 43729.7400s
	iters: 400, epoch: 4 | loss: 1.0732430
	speed: 0.6330s/iter; left time: 43712.1892s
	iters: 500, epoch: 4 | loss: 1.1058068
	speed: 0.6319s/iter; left time: 43569.0714s
	iters: 600, epoch: 4 | loss: 1.1217573
	speed: 0.6324s/iter; left time: 43539.7876s
	iters: 700, epoch: 4 | loss: 1.0681576
	speed: 0.6326s/iter; left time: 43496.1461s
Epoch: 4 cost time: 453.56218361854553
Epoch: 4, Steps: 716 | Train Loss: 1.1467519 Vali Loss: 0.3215654 Test Loss: 0.3426623
Validation loss decreased (0.322796 --> 0.321565).  Saving model ...
	iters: 100, epoch: 5 | loss: 1.2162809
	speed: 2.1639s/iter; left time: 148523.3568s
	iters: 200, epoch: 5 | loss: 1.0527732
	speed: 0.6329s/iter; left time: 43375.1193s
	iters: 300, epoch: 5 | loss: 1.0794381
	speed: 0.6327s/iter; left time: 43299.0910s
	iters: 400, epoch: 5 | loss: 1.0822687
	speed: 0.6314s/iter; left time: 43148.6950s
	iters: 500, epoch: 5 | loss: 1.0981170
	speed: 0.6305s/iter; left time: 43020.0917s
	iters: 600, epoch: 5 | loss: 1.1726953
	speed: 0.6319s/iter; left time: 43054.9703s
	iters: 700, epoch: 5 | loss: 1.1326523
	speed: 0.6313s/iter; left time: 42952.4147s
Epoch: 5 cost time: 453.13566040992737
Epoch: 5, Steps: 716 | Train Loss: 1.1256434 Vali Loss: 0.3197674 Test Loss: 0.3300849
Validation loss decreased (0.321565 --> 0.319767).  Saving model ...
	iters: 100, epoch: 6 | loss: 1.1204693
	speed: 2.0370s/iter; left time: 138353.0750s
	iters: 200, epoch: 6 | loss: 1.1391115
	speed: 0.6325s/iter; left time: 42898.2567s
	iters: 300, epoch: 6 | loss: 1.0898458
	speed: 0.6325s/iter; left time: 42836.7933s
	iters: 400, epoch: 6 | loss: 1.0771251
	speed: 0.6322s/iter; left time: 42752.2915s
	iters: 500, epoch: 6 | loss: 1.0708004
	speed: 0.6314s/iter; left time: 42630.5510s
	iters: 600, epoch: 6 | loss: 1.1162184
	speed: 0.6327s/iter; left time: 42655.9052s
	iters: 700, epoch: 6 | loss: 1.0782710
	speed: 0.6308s/iter; left time: 42464.4087s
Epoch: 6 cost time: 452.8458845615387
Epoch: 6, Steps: 716 | Train Loss: 1.1098785 Vali Loss: 0.3198827 Test Loss: 0.3253427
EarlyStopping counter: 1 out of 5
	iters: 100, epoch: 7 | loss: 1.0869973
	speed: 2.0538s/iter; left time: 138022.7956s
	iters: 200, epoch: 7 | loss: 1.1438800
	speed: 0.6313s/iter; left time: 42364.4289s
	iters: 300, epoch: 7 | loss: 1.1028699
	speed: 0.6338s/iter; left time: 42466.0410s
	iters: 400, epoch: 7 | loss: 1.0923095
	speed: 0.6315s/iter; left time: 42251.9861s
	iters: 500, epoch: 7 | loss: 1.1407719
	speed: 0.6302s/iter; left time: 42097.9857s
	iters: 600, epoch: 7 | loss: 1.0876099
	speed: 0.6319s/iter; left time: 42150.7159s
	iters: 700, epoch: 7 | loss: 1.1502445
	speed: 0.6305s/iter; left time: 41991.3711s
Epoch: 7 cost time: 452.9226608276367
Epoch: 7, Steps: 716 | Train Loss: 1.1011644 Vali Loss: 0.3192255 Test Loss: 0.3246109
Validation loss decreased (0.319767 --> 0.319225).  Saving model ...
	iters: 100, epoch: 8 | loss: 1.1374161
	speed: 2.0449s/iter; left time: 135964.7844s
	iters: 200, epoch: 8 | loss: 1.2013761
	speed: 0.6318s/iter; left time: 41946.9328s
	iters: 300, epoch: 8 | loss: 1.0895244
	speed: 0.6316s/iter; left time: 41865.9606s
	iters: 400, epoch: 8 | loss: 1.1626910
	speed: 0.6337s/iter; left time: 41947.2051s
	iters: 500, epoch: 8 | loss: 1.0801202
	speed: 0.6318s/iter; left time: 41752.5002s
	iters: 600, epoch: 8 | loss: 1.0882897
	speed: 0.6306s/iter; left time: 41610.7781s
	iters: 700, epoch: 8 | loss: 1.1903961
	speed: 0.6301s/iter; left time: 41517.6797s
Epoch: 8 cost time: 452.73223423957825
Epoch: 8, Steps: 716 | Train Loss: 1.0963313 Vali Loss: 0.3193912 Test Loss: 0.3236659
EarlyStopping counter: 1 out of 5
	iters: 100, epoch: 9 | loss: 1.1395949
	speed: 2.0283s/iter; left time: 133406.6089s
	iters: 200, epoch: 9 | loss: 1.1137350
	speed: 0.6321s/iter; left time: 41509.1026s
	iters: 300, epoch: 9 | loss: 1.0851196
	speed: 0.6326s/iter; left time: 41482.2781s
	iters: 400, epoch: 9 | loss: 1.1251628
	speed: 0.6326s/iter; left time: 41419.0527s
	iters: 500, epoch: 9 | loss: 1.2055765
	speed: 0.6311s/iter; left time: 41259.9314s
	iters: 600, epoch: 9 | loss: 1.0839669
	speed: 0.6313s/iter; left time: 41208.4532s
	iters: 700, epoch: 9 | loss: 1.0537843
	speed: 0.6308s/iter; left time: 41110.3696s
Epoch: 9 cost time: 452.99679946899414
Epoch: 9, Steps: 716 | Train Loss: 1.0937224 Vali Loss: 0.3179378 Test Loss: 0.3226535
Validation loss decreased (0.319225 --> 0.317938).  Saving model ...
	iters: 100, epoch: 10 | loss: 1.0824158
	speed: 2.0400s/iter; left time: 132716.6360s
	iters: 200, epoch: 10 | loss: 1.1698546
	speed: 0.6329s/iter; left time: 41109.6235s
	iters: 300, epoch: 10 | loss: 1.0122707
	speed: 0.6304s/iter; left time: 40884.6773s
	iters: 400, epoch: 10 | loss: 1.0701228
	speed: 0.6294s/iter; left time: 40755.1753s
	iters: 500, epoch: 10 | loss: 1.1994115
	speed: 0.6311s/iter; left time: 40805.3950s
	iters: 600, epoch: 10 | loss: 1.1264637
	speed: 0.6332s/iter; left time: 40879.9707s
	iters: 700, epoch: 10 | loss: 1.0429716
	speed: 0.6305s/iter; left time: 40638.9169s
Epoch: 10 cost time: 452.5387239456177
Epoch: 10, Steps: 716 | Train Loss: 1.0923370 Vali Loss: 0.3180696 Test Loss: 0.3223583
EarlyStopping counter: 1 out of 5
	iters: 100, epoch: 11 | loss: 1.1332637
	speed: 2.1010s/iter; left time: 135179.1364s
	iters: 200, epoch: 11 | loss: 1.1689436
	speed: 0.6297s/iter; left time: 40453.7334s
	iters: 300, epoch: 11 | loss: 1.0604415
	speed: 0.6301s/iter; left time: 40414.5760s
	iters: 400, epoch: 11 | loss: 1.1007106
	speed: 0.6305s/iter; left time: 40377.2327s
	iters: 500, epoch: 11 | loss: 1.1559654
	speed: 0.6314s/iter; left time: 40375.3231s
	iters: 600, epoch: 11 | loss: 1.0089309
	speed: 0.6331s/iter; left time: 40415.2736s
	iters: 700, epoch: 11 | loss: 1.1662973
	speed: 0.6333s/iter; left time: 40364.1190s
Epoch: 11 cost time: 452.8868041038513
Epoch: 11, Steps: 716 | Train Loss: 1.0916914 Vali Loss: 0.3183770 Test Loss: 0.3222611
EarlyStopping counter: 2 out of 5
	iters: 100, epoch: 12 | loss: 1.0535609
	speed: 2.1074s/iter; left time: 134084.6925s
	iters: 200, epoch: 12 | loss: 1.0647851
	speed: 0.6326s/iter; left time: 40188.7390s
	iters: 300, epoch: 12 | loss: 1.1175554
	speed: 0.6302s/iter; left time: 39968.2724s
	iters: 400, epoch: 12 | loss: 1.0120044
	speed: 0.6313s/iter; left time: 39979.1451s
	iters: 500, epoch: 12 | loss: 1.0320990
	speed: 0.6307s/iter; left time: 39875.2224s
	iters: 600, epoch: 12 | loss: 1.1370741
	speed: 0.6297s/iter; left time: 39752.1614s
	iters: 700, epoch: 12 | loss: 1.0351089
	speed: 0.6304s/iter; left time: 39732.0396s
Epoch: 12 cost time: 452.2312626838684
Epoch: 12, Steps: 716 | Train Loss: 1.0912761 Vali Loss: 0.3176627 Test Loss: 0.3223304
Validation loss decreased (0.317938 --> 0.317663).  Saving model ...
	iters: 100, epoch: 13 | loss: 1.0227225
	speed: 2.0393s/iter; left time: 128292.6791s
	iters: 200, epoch: 13 | loss: 1.0911257
	speed: 0.6315s/iter; left time: 39661.4629s
	iters: 300, epoch: 13 | loss: 1.1976986
	speed: 0.6307s/iter; left time: 39552.2563s
	iters: 400, epoch: 13 | loss: 1.1089963
	speed: 0.6298s/iter; left time: 39434.2629s
	iters: 500, epoch: 13 | loss: 1.1354189
	speed: 0.6308s/iter; left time: 39433.3231s
	iters: 600, epoch: 13 | loss: 1.0405228
	speed: 0.6304s/iter; left time: 39344.5312s
	iters: 700, epoch: 13 | loss: 1.1711692
	speed: 0.6310s/iter; left time: 39316.9212s
Epoch: 13 cost time: 452.4235301017761
Epoch: 13, Steps: 716 | Train Loss: 1.0911143 Vali Loss: 0.3177290 Test Loss: 0.3223558
EarlyStopping counter: 1 out of 5
	iters: 100, epoch: 14 | loss: 1.0588857
	speed: 2.0346s/iter; left time: 126538.6339s
	iters: 200, epoch: 14 | loss: 1.0263950
	speed: 0.6321s/iter; left time: 39246.7943s
	iters: 300, epoch: 14 | loss: 1.1132640
	speed: 0.6311s/iter; left time: 39124.7589s
	iters: 400, epoch: 14 | loss: 1.0789825
	speed: 0.6313s/iter; left time: 39072.1404s
	iters: 500, epoch: 14 | loss: 1.0836078
	speed: 0.6330s/iter; left time: 39113.1000s
	iters: 600, epoch: 14 | loss: 1.1159031
	speed: 0.6314s/iter; left time: 38954.2210s
	iters: 700, epoch: 14 | loss: 1.0736809
	speed: 0.6300s/iter; left time: 38803.9849s
Epoch: 14 cost time: 452.7665014266968
Epoch: 14, Steps: 716 | Train Loss: 1.0909456 Vali Loss: 0.3180544 Test Loss: 0.3222932
EarlyStopping counter: 2 out of 5
	iters: 100, epoch: 15 | loss: 1.1426421
	speed: 2.0307s/iter; left time: 124838.3879s
	iters: 200, epoch: 15 | loss: 1.0991182
	speed: 0.6310s/iter; left time: 38725.9968s
	iters: 300, epoch: 15 | loss: 1.1403601
	speed: 0.6277s/iter; left time: 38460.7734s
	iters: 400, epoch: 15 | loss: 1.0914755
	speed: 0.6281s/iter; left time: 38427.6945s
	iters: 500, epoch: 15 | loss: 1.1316773
	speed: 0.6278s/iter; left time: 38345.3465s
	iters: 600, epoch: 15 | loss: 1.0862788
	speed: 0.6286s/iter; left time: 38331.2767s
	iters: 700, epoch: 15 | loss: 1.0817972
	speed: 0.6300s/iter; left time: 38352.9705s
Epoch: 15 cost time: 451.07693672180176
Epoch: 15, Steps: 716 | Train Loss: 1.0910122 Vali Loss: 0.3176315 Test Loss: 0.3222758
Validation loss decreased (0.317663 --> 0.317632).  Saving model ...
	iters: 100, epoch: 16 | loss: 1.1369535
	speed: 2.0300s/iter; left time: 123346.6741s
	iters: 200, epoch: 16 | loss: 1.0493536
	speed: 0.6291s/iter; left time: 38159.3787s
	iters: 300, epoch: 16 | loss: 1.1006466
	speed: 0.6299s/iter; left time: 38148.7971s
	iters: 400, epoch: 16 | loss: 1.1299931
	speed: 0.6300s/iter; left time: 38091.9196s
	iters: 500, epoch: 16 | loss: 1.0131397
	speed: 0.6292s/iter; left time: 37977.0832s
	iters: 600, epoch: 16 | loss: 1.1024361
	speed: 0.6318s/iter; left time: 38072.1464s
	iters: 700, epoch: 16 | loss: 1.1110127
	speed: 0.6314s/iter; left time: 37987.3140s
Epoch: 16 cost time: 451.8239336013794
Epoch: 16, Steps: 716 | Train Loss: 1.0908448 Vali Loss: 0.3173201 Test Loss: 0.3223019
Validation loss decreased (0.317632 --> 0.317320).  Saving model ...
	iters: 100, epoch: 17 | loss: 1.0714065
	speed: 2.0340s/iter; left time: 122131.0277s
	iters: 200, epoch: 17 | loss: 1.1495103
	speed: 0.6311s/iter; left time: 37829.4258s
	iters: 300, epoch: 17 | loss: 1.1365303
	speed: 0.6307s/iter; left time: 37742.4848s
	iters: 400, epoch: 17 | loss: 1.0629482
	speed: 0.6307s/iter; left time: 37680.3617s
	iters: 500, epoch: 17 | loss: 1.1002132
	speed: 0.6292s/iter; left time: 37527.2764s
	iters: 600, epoch: 17 | loss: 1.0975115
	speed: 0.6312s/iter; left time: 37586.5451s
	iters: 700, epoch: 17 | loss: 1.1172802
	speed: 0.6312s/iter; left time: 37519.9322s
Epoch: 17 cost time: 452.02556586265564
Epoch: 17, Steps: 716 | Train Loss: 1.0908261 Vali Loss: 0.3178627 Test Loss: 0.3223007
EarlyStopping counter: 1 out of 5
	iters: 100, epoch: 18 | loss: 1.1508251
	speed: 2.0272s/iter; left time: 120272.9166s
	iters: 200, epoch: 18 | loss: 1.0142589
	speed: 0.6301s/iter; left time: 37319.2237s
	iters: 300, epoch: 18 | loss: 1.0688101
	speed: 0.6296s/iter; left time: 37227.8842s
	iters: 400, epoch: 18 | loss: 1.1006887
	speed: 0.6312s/iter; left time: 37260.2443s
	iters: 500, epoch: 18 | loss: 1.0092963
	speed: 0.6305s/iter; left time: 37152.9870s
	iters: 600, epoch: 18 | loss: 1.0034769
	speed: 0.6304s/iter; left time: 37087.8583s
	iters: 700, epoch: 18 | loss: 1.1534907
	speed: 0.6306s/iter; left time: 37035.0729s
Epoch: 18 cost time: 452.1219654083252
Epoch: 18, Steps: 716 | Train Loss: 1.0908458 Vali Loss: 0.3178631 Test Loss: 0.3222980
EarlyStopping counter: 2 out of 5
	iters: 100, epoch: 19 | loss: 1.0743313
	speed: 2.0267s/iter; left time: 118793.7430s
	iters: 200, epoch: 19 | loss: 1.0785749
	speed: 0.6311s/iter; left time: 36930.4235s
	iters: 300, epoch: 19 | loss: 1.0351013
	speed: 0.6300s/iter; left time: 36798.4107s
	iters: 400, epoch: 19 | loss: 1.0605377
	speed: 0.6301s/iter; left time: 36741.5805s
	iters: 500, epoch: 19 | loss: 1.0328795
	speed: 0.6339s/iter; left time: 36901.2187s
	iters: 600, epoch: 19 | loss: 1.1241354
	speed: 0.6309s/iter; left time: 36664.4456s
	iters: 700, epoch: 19 | loss: 1.0036772
	speed: 0.6300s/iter; left time: 36551.0878s
Epoch: 19 cost time: 452.27572751045227
Epoch: 19, Steps: 716 | Train Loss: 1.0908916 Vali Loss: 0.3177037 Test Loss: 0.3222972
EarlyStopping counter: 3 out of 5
	iters: 100, epoch: 20 | loss: 1.0828756
	speed: 2.0279s/iter; left time: 117410.5242s
	iters: 200, epoch: 20 | loss: 1.1663218
	speed: 0.6331s/iter; left time: 36588.9042s
	iters: 300, epoch: 20 | loss: 1.1702511
	speed: 0.6304s/iter; left time: 36370.9297s
	iters: 400, epoch: 20 | loss: 1.1417080
	speed: 0.6293s/iter; left time: 36244.7761s
	iters: 500, epoch: 20 | loss: 1.0772250
	speed: 0.6302s/iter; left time: 36236.8081s
	iters: 600, epoch: 20 | loss: 1.0640395
	speed: 0.6305s/iter; left time: 36189.8183s
	iters: 700, epoch: 20 | loss: 1.1192337
	speed: 0.6304s/iter; left time: 36120.4368s
Epoch: 20 cost time: 452.21831941604614
Epoch: 20, Steps: 716 | Train Loss: 1.0909450 Vali Loss: 0.3179758 Test Loss: 0.3222975
EarlyStopping counter: 4 out of 5
	iters: 100, epoch: 21 | loss: 1.2044634
	speed: 2.0382s/iter; left time: 116546.6956s
	iters: 200, epoch: 21 | loss: 1.0691968
	speed: 0.6313s/iter; left time: 36033.2394s
	iters: 300, epoch: 21 | loss: 1.0223466
	speed: 0.6316s/iter; left time: 35988.2502s
	iters: 400, epoch: 21 | loss: 1.0078284
	speed: 0.6306s/iter; left time: 35871.8302s
	iters: 500, epoch: 21 | loss: 1.0243031
	speed: 0.6304s/iter; left time: 35794.3606s
	iters: 600, epoch: 21 | loss: 1.1032197
	speed: 0.6309s/iter; left time: 35758.2801s
	iters: 700, epoch: 21 | loss: 1.0723279
	speed: 0.6326s/iter; left time: 35794.8326s
Epoch: 21 cost time: 452.96604204177856
Epoch: 21, Steps: 716 | Train Loss: 1.0908575 Vali Loss: 0.3177835 Test Loss: 0.3222975
EarlyStopping counter: 5 out of 5
Early stopping
>>>>>>>testing : traffic_96_TimeBridge_custom_M_ft720_sl48_ll96_pl512_dm64_nh3_el1_dl512_df1_fctimeF_ebTrue_dtExp_projection_0<<<<<<<<<<<<<<<<<<<<<<<<<<<<<<<<<
test 3413
test shape: (3413, 1, 96, 862) (3413, 1, 96, 862)
test shape: (3413, 96, 862) (3413, 96, 862)
mse:0.3223036825656891, mae:0.22544372081756592
rmse:0.567717969417572, mape:0.39952951669692993, mspe:55970.765625
